{"numFailedTestSuites":7,"numFailedTests":41,"numPassedTestSuites":0,"numPassedTests":5,"numPendingTestSuites":0,"numPendingTests":0,"numRuntimeErrorTestSuites":0,"numTodoTests":0,"numTotalTestSuites":7,"numTotalTests":46,"openHandles":[],"snapshot":{"added":0,"didUpdate":false,"failure":false,"filesAdded":0,"filesRemoved":0,"filesRemovedList":[],"filesUnmatched":0,"filesUpdated":0,"matched":0,"total":0,"unchecked":0,"uncheckedKeysByFile":[],"unmatched":0,"updated":0},"startTime":1780507803718,"success":false,"testResults":[{"assertionResults":[{"ancestorTitles":["Payments API","GET /api/payments"],"duration":1,"failureDetails":[{"name":"PrismaClientKnownRequestError","code":"P2022","clientVersion":"5.22.0","meta":{"modelName":"User","column":"loginAttempts"}}],"failureMessages":["PrismaClientKnownRequestError: \nInvalid `prisma.user.create()` invocation in\n/home/aditya-gupta/backend work/hotel management system/backend/src/test/helpers.ts:27:34\n\n  24 const password = overrides.password || \"TestPass123\";\n  25 const hashedPassword = await bcrypt.hash(password, 12);\n  26 \n→ 27 const user = await prisma.user.create(\nThe column `loginAttempts` does not exist in the current database.\n    at $n.handleRequestError (/home/aditya-gupta/backend work/hotel management system/backend/node_modules/@prisma/client/runtime/library.js:121:7315)\n    at $n.handleAndLogRequestError (/home/aditya-gupta/backend work/hotel management system/backend/node_modules/@prisma/client/runtime/library.js:121:6623)\n    at $n.request (/home/aditya-gupta/backend work/hotel management system/backend/node_modules/@prisma/client/runtime/library.js:121:6307)\n    at async l (/home/aditya-gupta/backend work/hotel management system/backend/node_modules/@prisma/client/runtime/library.js:130:9633)\n    at async createTestUser (/home/aditya-gupta/backend work/hotel management system/backend/src/test/helpers.ts:27:16)\n    at async Object.<anonymous> (/home/aditya-gupta/backend work/hotel management system/backend/src/test/payments.test.ts:34:17)"],"fullName":"Payments API GET /api/payments should return empty payments list","invocations":1,"location":null,"numPassingAsserts":0,"retryReasons":[],"status":"failed","title":"should return empty payments list"},{"ancestorTitles":["Payments API","GET /api/payments"],"duration":0,"failureDetails":[{"name":"PrismaClientKnownRequestError","code":"P2022","clientVersion":"5.22.0","meta":{"modelName":"User","column":"loginAttempts"}}],"failureMessages":["PrismaClientKnownRequestError: \nInvalid `prisma.user.create()` invocation in\n/home/aditya-gupta/backend work/hotel management system/backend/src/test/helpers.ts:27:34\n\n  24 const password = overrides.password || \"TestPass123\";\n  25 const hashedPassword = await bcrypt.hash(password, 12);\n  26 \n→ 27 const user = await prisma.user.create(\nThe column `loginAttempts` does not exist in the current database.\n    at $n.handleRequestError (/home/aditya-gupta/backend work/hotel management system/backend/node_modules/@prisma/client/runtime/library.js:121:7315)\n    at $n.handleAndLogRequestError (/home/aditya-gupta/backend work/hotel management system/backend/node_modules/@prisma/client/runtime/library.js:121:6623)\n    at $n.request (/home/aditya-gupta/backend work/hotel management system/backend/node_modules/@prisma/client/runtime/library.js:121:6307)\n    at async l (/home/aditya-gupta/backend work/hotel management system/backend/node_modules/@prisma/client/runtime/library.js:130:9633)\n    at async createTestUser (/home/aditya-gupta/backend work/hotel management system/backend/src/test/helpers.ts:27:16)\n    at async Object.<anonymous> (/home/aditya-gupta/backend work/hotel management system/backend/src/test/payments.test.ts:34:17)"],"fullName":"Payments API GET /api/payments should reject without auth","invocations":1,"location":null,"numPassingAsserts":0,"retryReasons":[],"status":"failed","title":"should reject without auth"},{"ancestorTitles":["Payments API","POST /api/payments"],"duration":1,"failureDetails":[{"name":"PrismaClientKnownRequestError","code":"P2022","clientVersion":"5.22.0","meta":{"modelName":"User","column":"loginAttempts"}}],"failureMessages":["PrismaClientKnownRequestError: \nInvalid `prisma.user.create()` invocation in\n/home/aditya-gupta/backend work/hotel management system/backend/src/test/helpers.ts:27:34\n\n  24 const password = overrides.password || \"TestPass123\";\n  25 const hashedPassword = await bcrypt.hash(password, 12);\n  26 \n→ 27 const user = await prisma.user.create(\nThe column `loginAttempts` does not exist in the current database.\n    at $n.handleRequestError (/home/aditya-gupta/backend work/hotel management system/backend/node_modules/@prisma/client/runtime/library.js:121:7315)\n    at $n.handleAndLogRequestError (/home/aditya-gupta/backend work/hotel management system/backend/node_modules/@prisma/client/runtime/library.js:121:6623)\n    at $n.request (/home/aditya-gupta/backend work/hotel management system/backend/node_modules/@prisma/client/runtime/library.js:121:6307)\n    at async l (/home/aditya-gupta/backend work/hotel management system/backend/node_modules/@prisma/client/runtime/library.js:130:9633)\n    at async createTestUser (/home/aditya-gupta/backend work/hotel management system/backend/src/test/helpers.ts:27:16)\n    at async Object.<anonymous> (/home/aditya-gupta/backend work/hotel management system/backend/src/test/payments.test.ts:34:17)"],"fullName":"Payments API POST /api/payments should create a cash payment","invocations":1,"location":null,"numPassingAsserts":0,"retryReasons":[],"status":"failed","title":"should create a cash payment"},{"ancestorTitles":["Payments API","POST /api/payments"],"duration":0,"failureDetails":[{"name":"PrismaClientKnownRequestError","code":"P2022","clientVersion":"5.22.0","meta":{"modelName":"User","column":"loginAttempts"}}],"failureMessages":["PrismaClientKnownRequestError: \nInvalid `prisma.user.create()` invocation in\n/home/aditya-gupta/backend work/hotel management system/backend/src/test/helpers.ts:27:34\n\n  24 const password = overrides.password || \"TestPass123\";\n  25 const hashedPassword = await bcrypt.hash(password, 12);\n  26 \n→ 27 const user = await prisma.user.create(\nThe column `loginAttempts` does not exist in the current database.\n    at $n.handleRequestError (/home/aditya-gupta/backend work/hotel management system/backend/node_modules/@prisma/client/runtime/library.js:121:7315)\n    at $n.handleAndLogRequestError (/home/aditya-gupta/backend work/hotel management system/backend/node_modules/@prisma/client/runtime/library.js:121:6623)\n    at $n.request (/home/aditya-gupta/backend work/hotel management system/backend/node_modules/@prisma/client/runtime/library.js:121:6307)\n    at async l (/home/aditya-gupta/backend work/hotel management system/backend/node_modules/@prisma/client/runtime/library.js:130:9633)\n    at async createTestUser (/home/aditya-gupta/backend work/hotel management system/backend/src/test/helpers.ts:27:16)\n    at async Object.<anonymous> (/home/aditya-gupta/backend work/hotel management system/backend/src/test/payments.test.ts:34:17)"],"fullName":"Payments API POST /api/payments should create a stripe payment (pending)","invocations":1,"location":null,"numPassingAsserts":0,"retryReasons":[],"status":"failed","title":"should create a stripe payment (pending)"},{"ancestorTitles":["Payments API","POST /api/payments"],"duration":1,"failureDetails":[{"name":"PrismaClientKnownRequestError","code":"P2022","clientVersion":"5.22.0","meta":{"modelName":"User","column":"loginAttempts"}}],"failureMessages":["PrismaClientKnownRequestError: \nInvalid `prisma.user.create()` invocation in\n/home/aditya-gupta/backend work/hotel management system/backend/src/test/helpers.ts:27:34\n\n  24 const password = overrides.password || \"TestPass123\";\n  25 const hashedPassword = await bcrypt.hash(password, 12);\n  26 \n→ 27 const user = await prisma.user.create(\nThe column `loginAttempts` does not exist in the current database.\n    at $n.handleRequestError (/home/aditya-gupta/backend work/hotel management system/backend/node_modules/@prisma/client/runtime/library.js:121:7315)\n    at $n.handleAndLogRequestError (/home/aditya-gupta/backend work/hotel management system/backend/node_modules/@prisma/client/runtime/library.js:121:6623)\n    at $n.request (/home/aditya-gupta/backend work/hotel management system/backend/node_modules/@prisma/client/runtime/library.js:121:6307)\n    at async l (/home/aditya-gupta/backend work/hotel management system/backend/node_modules/@prisma/client/runtime/library.js:130:9633)\n    at async createTestUser (/home/aditya-gupta/backend work/hotel management system/backend/src/test/helpers.ts:27:16)\n    at async Object.<anonymous> (/home/aditya-gupta/backend work/hotel management system/backend/src/test/payments.test.ts:34:17)"],"fullName":"Payments API POST /api/payments should reject invalid booking","invocations":1,"location":null,"numPassingAsserts":0,"retryReasons":[],"status":"failed","title":"should reject invalid booking"},{"ancestorTitles":["Payments API","POST /api/payments"],"duration":0,"failureDetails":[{"name":"PrismaClientKnownRequestError","code":"P2022","clientVersion":"5.22.0","meta":{"modelName":"User","column":"loginAttempts"}}],"failureMessages":["PrismaClientKnownRequestError: \nInvalid `prisma.user.create()` invocation in\n/home/aditya-gupta/backend work/hotel management system/backend/src/test/helpers.ts:27:34\n\n  24 const password = overrides.password || \"TestPass123\";\n  25 const hashedPassword = await bcrypt.hash(password, 12);\n  26 \n→ 27 const user = await prisma.user.create(\nThe column `loginAttempts` does not exist in the current database.\n    at $n.handleRequestError (/home/aditya-gupta/backend work/hotel management system/backend/node_modules/@prisma/client/runtime/library.js:121:7315)\n    at $n.handleAndLogRequestError (/home/aditya-gupta/backend work/hotel management system/backend/node_modules/@prisma/client/runtime/library.js:121:6623)\n    at $n.request (/home/aditya-gupta/backend work/hotel management system/backend/node_modules/@prisma/client/runtime/library.js:121:6307)\n    at async l (/home/aditya-gupta/backend work/hotel management system/backend/node_modules/@prisma/client/runtime/library.js:130:9633)\n    at async createTestUser (/home/aditya-gupta/backend work/hotel management system/backend/src/test/helpers.ts:27:16)\n    at async Object.<anonymous> (/home/aditya-gupta/backend work/hotel management system/backend/src/test/payments.test.ts:34:17)"],"fullName":"Payments API POST /api/payments should reject invalid payment method","invocations":1,"location":null,"numPassingAsserts":0,"retryReasons":[],"status":"failed","title":"should reject invalid payment method"},{"ancestorTitles":["Payments API","GET /api/payments/stats"],"duration":1,"failureDetails":[{"name":"PrismaClientKnownRequestError","code":"P2022","clientVersion":"5.22.0","meta":{"modelName":"User","column":"loginAttempts"}}],"failureMessages":["PrismaClientKnownRequestError: \nInvalid `prisma.user.create()` invocation in\n/home/aditya-gupta/backend work/hotel management system/backend/src/test/helpers.ts:27:34\n\n  24 const password = overrides.password || \"TestPass123\";\n  25 const hashedPassword = await bcrypt.hash(password, 12);\n  26 \n→ 27 const user = await prisma.user.create(\nThe column `loginAttempts` does not exist in the current database.\n    at $n.handleRequestError (/home/aditya-gupta/backend work/hotel management system/backend/node_modules/@prisma/client/runtime/library.js:121:7315)\n    at $n.handleAndLogRequestError (/home/aditya-gupta/backend work/hotel management system/backend/node_modules/@prisma/client/runtime/library.js:121:6623)\n    at $n.request (/home/aditya-gupta/backend work/hotel management system/backend/node_modules/@prisma/client/runtime/library.js:121:6307)\n    at async l (/home/aditya-gupta/backend work/hotel management system/backend/node_modules/@prisma/client/runtime/library.js:130:9633)\n    at async createTestUser (/home/aditya-gupta/backend work/hotel management system/backend/src/test/helpers.ts:27:16)\n    at async Object.<anonymous> (/home/aditya-gupta/backend work/hotel management system/backend/src/test/payments.test.ts:34:17)"],"fullName":"Payments API GET /api/payments/stats should return payment stats","invocations":1,"location":null,"numPassingAsserts":0,"retryReasons":[],"status":"failed","title":"should return payment stats"},{"ancestorTitles":["Payments API","POST /api/payments/:id/refund"],"duration":0,"failureDetails":[{"name":"PrismaClientKnownRequestError","code":"P2022","clientVersion":"5.22.0","meta":{"modelName":"User","column":"loginAttempts"}}],"failureMessages":["PrismaClientKnownRequestError: \nInvalid `prisma.user.create()` invocation in\n/home/aditya-gupta/backend work/hotel management system/backend/src/test/helpers.ts:27:34\n\n  24 const password = overrides.password || \"TestPass123\";\n  25 const hashedPassword = await bcrypt.hash(password, 12);\n  26 \n→ 27 const user = await prisma.user.create(\nThe column `loginAttempts` does not exist in the current database.\n    at $n.handleRequestError (/home/aditya-gupta/backend work/hotel management system/backend/node_modules/@prisma/client/runtime/library.js:121:7315)\n    at $n.handleAndLogRequestError (/home/aditya-gupta/backend work/hotel management system/backend/node_modules/@prisma/client/runtime/library.js:121:6623)\n    at $n.request (/home/aditya-gupta/backend work/hotel management system/backend/node_modules/@prisma/client/runtime/library.js:121:6307)\n    at async l (/home/aditya-gupta/backend work/hotel management system/backend/node_modules/@prisma/client/runtime/library.js:130:9633)\n    at async createTestUser (/home/aditya-gupta/backend work/hotel management system/backend/src/test/helpers.ts:27:16)\n    at async Object.<anonymous> (/home/aditya-gupta/backend work/hotel management system/backend/src/test/payments.test.ts:34:17)"],"fullName":"Payments API POST /api/payments/:id/refund should reject refund by customer","invocations":1,"location":null,"numPassingAsserts":0,"retryReasons":[],"status":"failed","title":"should reject refund by customer"}],"endTime":1780507807118,"message":"\u001b[1m\u001b[31m  \u001b[1m● \u001b[22m\u001b[1mPayments API › GET /api/payments › should return empty payments list\u001b[39m\u001b[22m\n\n    PrismaClientKnownRequestError: \n    Invalid `prisma.user.create()` invocation in\n    /home/aditya-gupta/backend work/hotel management system/backend/src/test/helpers.ts:27:34\n\n      24 const password = overrides.password || \"TestPass123\";\n      25 const hashedPassword = await bcrypt.hash(password, 12);\n      26 \n    → 27 const user = await prisma.user.create(\n    The column `loginAttempts` does not exist in the current database.\n\u001b[2m\u001b[22m\n\u001b[2m    \u001b[0m \u001b[90m 25 |\u001b[39m   \u001b[36mconst\u001b[39m hashedPassword \u001b[33m=\u001b[39m \u001b[36mawait\u001b[39m bcrypt\u001b[33m.\u001b[39mhash(password\u001b[33m,\u001b[39m \u001b[35m12\u001b[39m)\u001b[33m;\u001b[39m\u001b[22m\n\u001b[2m     \u001b[90m 26 |\u001b[39m\u001b[22m\n\u001b[2m    \u001b[31m\u001b[1m>\u001b[22m\u001b[2m\u001b[39m\u001b[90m 27 |\u001b[39m   \u001b[36mconst\u001b[39m user \u001b[33m=\u001b[39m \u001b[36mawait\u001b[39m prisma\u001b[33m.\u001b[39muser\u001b[33m.\u001b[39mcreate({\u001b[22m\n\u001b[2m     \u001b[90m    |\u001b[39m                \u001b[31m\u001b[1m^\u001b[22m\u001b[2m\u001b[39m\u001b[22m\n\u001b[2m     \u001b[90m 28 |\u001b[39m     data\u001b[33m:\u001b[39m {\u001b[22m\n\u001b[2m     \u001b[90m 29 |\u001b[39m       email\u001b[33m,\u001b[39m\u001b[22m\n\u001b[2m     \u001b[90m 30 |\u001b[39m       password\u001b[33m:\u001b[39m hashedPassword\u001b[33m,\u001b[39m\u001b[0m\u001b[22m\n\u001b[2m\u001b[22m\n\u001b[2m      \u001b[2mat $n.handleRequestError (\u001b[22m\u001b[2mnode_modules/@prisma/client/runtime/library.js\u001b[2m:121:7315)\u001b[22m\u001b[2m\u001b[22m\n\u001b[2m      \u001b[2mat $n.handleAndLogRequestError (\u001b[22m\u001b[2mnode_modules/@prisma/client/runtime/library.js\u001b[2m:121:6623)\u001b[22m\u001b[2m\u001b[22m\n\u001b[2m      \u001b[2mat $n.request (\u001b[22m\u001b[2mnode_modules/@prisma/client/runtime/library.js\u001b[2m:121:6307)\u001b[22m\u001b[2m\u001b[22m\n\u001b[2m      \u001b[2mat async l (\u001b[22m\u001b[2mnode_modules/@prisma/client/runtime/library.js\u001b[2m:130:9633)\u001b[22m\u001b[2m\u001b[22m\n\u001b[2m      \u001b[2mat async createTestUser (\u001b[22m\u001b[2msrc/test/helpers.ts\u001b[2m:27:16)\u001b[22m\u001b[2m\u001b[22m\n\u001b[2m      \u001b[2mat async Object.<anonymous> (\u001b[22m\u001b[2m\u001b[0m\u001b[36msrc/test/payments.test.ts\u001b[39m\u001b[0m\u001b[2m:34:17)\u001b[22m\u001b[2m\u001b[22m\n\n\u001b[1m\u001b[31m  \u001b[1m● \u001b[22m\u001b[1mPayments API › GET /api/payments › should reject without auth\u001b[39m\u001b[22m\n\n    PrismaClientKnownRequestError: \n    Invalid `prisma.user.create()` invocation in\n    /home/aditya-gupta/backend work/hotel management system/backend/src/test/helpers.ts:27:34\n\n      24 const password = overrides.password || \"TestPass123\";\n      25 const hashedPassword = await bcrypt.hash(password, 12);\n      26 \n    → 27 const user = await prisma.user.create(\n    The column `loginAttempts` does not exist in the current database.\n\u001b[2m\u001b[22m\n\u001b[2m    \u001b[0m \u001b[90m 25 |\u001b[39m   \u001b[36mconst\u001b[39m hashedPassword \u001b[33m=\u001b[39m \u001b[36mawait\u001b[39m bcrypt\u001b[33m.\u001b[39mhash(password\u001b[33m,\u001b[39m \u001b[35m12\u001b[39m)\u001b[33m;\u001b[39m\u001b[22m\n\u001b[2m     \u001b[90m 26 |\u001b[39m\u001b[22m\n\u001b[2m    \u001b[31m\u001b[1m>\u001b[22m\u001b[2m\u001b[39m\u001b[90m 27 |\u001b[39m   \u001b[36mconst\u001b[39m user \u001b[33m=\u001b[39m \u001b[36mawait\u001b[39m prisma\u001b[33m.\u001b[39muser\u001b[33m.\u001b[39mcreate({\u001b[22m\n\u001b[2m     \u001b[90m    |\u001b[39m                \u001b[31m\u001b[1m^\u001b[22m\u001b[2m\u001b[39m\u001b[22m\n\u001b[2m     \u001b[90m 28 |\u001b[39m     data\u001b[33m:\u001b[39m {\u001b[22m\n\u001b[2m     \u001b[90m 29 |\u001b[39m       email\u001b[33m,\u001b[39m\u001b[22m\n\u001b[2m     \u001b[90m 30 |\u001b[39m       password\u001b[33m:\u001b[39m hashedPassword\u001b[33m,\u001b[39m\u001b[0m\u001b[22m\n\u001b[2m\u001b[22m\n\u001b[2m      \u001b[2mat $n.handleRequestError (\u001b[22m\u001b[2mnode_modules/@prisma/client/runtime/library.js\u001b[2m:121:7315)\u001b[22m\u001b[2m\u001b[22m\n\u001b[2m      \u001b[2mat $n.handleAndLogRequestError (\u001b[22m\u001b[2mnode_modules/@prisma/client/runtime/library.js\u001b[2m:121:6623)\u001b[22m\u001b[2m\u001b[22m\n\u001b[2m      \u001b[2mat $n.request (\u001b[22m\u001b[2mnode_modules/@prisma/client/runtime/library.js\u001b[2m:121:6307)\u001b[22m\u001b[2m\u001b[22m\n\u001b[2m      \u001b[2mat async l (\u001b[22m\u001b[2mnode_modules/@prisma/client/runtime/library.js\u001b[2m:130:9633)\u001b[22m\u001b[2m\u001b[22m\n\u001b[2m      \u001b[2mat async createTestUser (\u001b[22m\u001b[2msrc/test/helpers.ts\u001b[2m:27:16)\u001b[22m\u001b[2m\u001b[22m\n\u001b[2m      \u001b[2mat async Object.<anonymous> (\u001b[22m\u001b[2m\u001b[0m\u001b[36msrc/test/payments.test.ts\u001b[39m\u001b[0m\u001b[2m:34:17)\u001b[22m\u001b[2m\u001b[22m\n\n\u001b[1m\u001b[31m  \u001b[1m● \u001b[22m\u001b[1mPayments API › POST /api/payments › should create a cash payment\u001b[39m\u001b[22m\n\n    PrismaClientKnownRequestError: \n    Invalid `prisma.user.create()` invocation in\n    /home/aditya-gupta/backend work/hotel management system/backend/src/test/helpers.ts:27:34\n\n      24 const password = overrides.password || \"TestPass123\";\n      25 const hashedPassword = await bcrypt.hash(password, 12);\n      26 \n    → 27 const user = await prisma.user.create(\n    The column `loginAttempts` does not exist in the current database.\n\u001b[2m\u001b[22m\n\u001b[2m    \u001b[0m \u001b[90m 25 |\u001b[39m   \u001b[36mconst\u001b[39m hashedPassword \u001b[33m=\u001b[39m \u001b[36mawait\u001b[39m bcrypt\u001b[33m.\u001b[39mhash(password\u001b[33m,\u001b[39m \u001b[35m12\u001b[39m)\u001b[33m;\u001b[39m\u001b[22m\n\u001b[2m     \u001b[90m 26 |\u001b[39m\u001b[22m\n\u001b[2m    \u001b[31m\u001b[1m>\u001b[22m\u001b[2m\u001b[39m\u001b[90m 27 |\u001b[39m   \u001b[36mconst\u001b[39m user \u001b[33m=\u001b[39m \u001b[36mawait\u001b[39m prisma\u001b[33m.\u001b[39muser\u001b[33m.\u001b[39mcreate({\u001b[22m\n\u001b[2m     \u001b[90m    |\u001b[39m                \u001b[31m\u001b[1m^\u001b[22m\u001b[2m\u001b[39m\u001b[22m\n\u001b[2m     \u001b[90m 28 |\u001b[39m     data\u001b[33m:\u001b[39m {\u001b[22m\n\u001b[2m     \u001b[90m 29 |\u001b[39m       email\u001b[33m,\u001b[39m\u001b[22m\n\u001b[2m     \u001b[90m 30 |\u001b[39m       password\u001b[33m:\u001b[39m hashedPassword\u001b[33m,\u001b[39m\u001b[0m\u001b[22m\n\u001b[2m\u001b[22m\n\u001b[2m      \u001b[2mat $n.handleRequestError (\u001b[22m\u001b[2mnode_modules/@prisma/client/runtime/library.js\u001b[2m:121:7315)\u001b[22m\u001b[2m\u001b[22m\n\u001b[2m      \u001b[2mat $n.handleAndLogRequestError (\u001b[22m\u001b[2mnode_modules/@prisma/client/runtime/library.js\u001b[2m:121:6623)\u001b[22m\u001b[2m\u001b[22m\n\u001b[2m      \u001b[2mat $n.request (\u001b[22m\u001b[2mnode_modules/@prisma/client/runtime/library.js\u001b[2m:121:6307)\u001b[22m\u001b[2m\u001b[22m\n\u001b[2m      \u001b[2mat async l (\u001b[22m\u001b[2mnode_modules/@prisma/client/runtime/library.js\u001b[2m:130:9633)\u001b[22m\u001b[2m\u001b[22m\n\u001b[2m      \u001b[2mat async createTestUser (\u001b[22m\u001b[2msrc/test/helpers.ts\u001b[2m:27:16)\u001b[22m\u001b[2m\u001b[22m\n\u001b[2m      \u001b[2mat async Object.<anonymous> (\u001b[22m\u001b[2m\u001b[0m\u001b[36msrc/test/payments.test.ts\u001b[39m\u001b[0m\u001b[2m:34:17)\u001b[22m\u001b[2m\u001b[22m\n\n\u001b[1m\u001b[31m  \u001b[1m● \u001b[22m\u001b[1mPayments API › POST /api/payments › should create a stripe payment (pending)\u001b[39m\u001b[22m\n\n    PrismaClientKnownRequestError: \n    Invalid `prisma.user.create()` invocation in\n    /home/aditya-gupta/backend work/hotel management system/backend/src/test/helpers.ts:27:34\n\n      24 const password = overrides.password || \"TestPass123\";\n      25 const hashedPassword = await bcrypt.hash(password, 12);\n      26 \n    → 27 const user = await prisma.user.create(\n    The column `loginAttempts` does not exist in the current database.\n\u001b[2m\u001b[22m\n\u001b[2m    \u001b[0m \u001b[90m 25 |\u001b[39m   \u001b[36mconst\u001b[39m hashedPassword \u001b[33m=\u001b[39m \u001b[36mawait\u001b[39m bcrypt\u001b[33m.\u001b[39mhash(password\u001b[33m,\u001b[39m \u001b[35m12\u001b[39m)\u001b[33m;\u001b[39m\u001b[22m\n\u001b[2m     \u001b[90m 26 |\u001b[39m\u001b[22m\n\u001b[2m    \u001b[31m\u001b[1m>\u001b[22m\u001b[2m\u001b[39m\u001b[90m 27 |\u001b[39m   \u001b[36mconst\u001b[39m user \u001b[33m=\u001b[39m \u001b[36mawait\u001b[39m prisma\u001b[33m.\u001b[39muser\u001b[33m.\u001b[39mcreate({\u001b[22m\n\u001b[2m     \u001b[90m    |\u001b[39m                \u001b[31m\u001b[1m^\u001b[22m\u001b[2m\u001b[39m\u001b[22m\n\u001b[2m     \u001b[90m 28 |\u001b[39m     data\u001b[33m:\u001b[39m {\u001b[22m\n\u001b[2m     \u001b[90m 29 |\u001b[39m       email\u001b[33m,\u001b[39m\u001b[22m\n\u001b[2m     \u001b[90m 30 |\u001b[39m       password\u001b[33m:\u001b[39m hashedPassword\u001b[33m,\u001b[39m\u001b[0m\u001b[22m\n\u001b[2m\u001b[22m\n\u001b[2m      \u001b[2mat $n.handleRequestError (\u001b[22m\u001b[2mnode_modules/@prisma/client/runtime/library.js\u001b[2m:121:7315)\u001b[22m\u001b[2m\u001b[22m\n\u001b[2m      \u001b[2mat $n.handleAndLogRequestError (\u001b[22m\u001b[2mnode_modules/@prisma/client/runtime/library.js\u001b[2m:121:6623)\u001b[22m\u001b[2m\u001b[22m\n\u001b[2m      \u001b[2mat $n.request (\u001b[22m\u001b[2mnode_modules/@prisma/client/runtime/library.js\u001b[2m:121:6307)\u001b[22m\u001b[2m\u001b[22m\n\u001b[2m      \u001b[2mat async l (\u001b[22m\u001b[2mnode_modules/@prisma/client/runtime/library.js\u001b[2m:130:9633)\u001b[22m\u001b[2m\u001b[22m\n\u001b[2m      \u001b[2mat async createTestUser (\u001b[22m\u001b[2msrc/test/helpers.ts\u001b[2m:27:16)\u001b[22m\u001b[2m\u001b[22m\n\u001b[2m      \u001b[2mat async Object.<anonymous> (\u001b[22m\u001b[2m\u001b[0m\u001b[36msrc/test/payments.test.ts\u001b[39m\u001b[0m\u001b[2m:34:17)\u001b[22m\u001b[2m\u001b[22m\n\n\u001b[1m\u001b[31m  \u001b[1m● \u001b[22m\u001b[1mPayments API › POST /api/payments › should reject invalid booking\u001b[39m\u001b[22m\n\n    PrismaClientKnownRequestError: \n    Invalid `prisma.user.create()` invocation in\n    /home/aditya-gupta/backend work/hotel management system/backend/src/test/helpers.ts:27:34\n\n      24 const password = overrides.password || \"TestPass123\";\n      25 const hashedPassword = await bcrypt.hash(password, 12);\n      26 \n    → 27 const user = await prisma.user.create(\n    The column `loginAttempts` does not exist in the current database.\n\u001b[2m\u001b[22m\n\u001b[2m    \u001b[0m \u001b[90m 25 |\u001b[39m   \u001b[36mconst\u001b[39m hashedPassword \u001b[33m=\u001b[39m \u001b[36mawait\u001b[39m bcrypt\u001b[33m.\u001b[39mhash(password\u001b[33m,\u001b[39m \u001b[35m12\u001b[39m)\u001b[33m;\u001b[39m\u001b[22m\n\u001b[2m     \u001b[90m 26 |\u001b[39m\u001b[22m\n\u001b[2m    \u001b[31m\u001b[1m>\u001b[22m\u001b[2m\u001b[39m\u001b[90m 27 |\u001b[39m   \u001b[36mconst\u001b[39m user \u001b[33m=\u001b[39m \u001b[36mawait\u001b[39m prisma\u001b[33m.\u001b[39muser\u001b[33m.\u001b[39mcreate({\u001b[22m\n\u001b[2m     \u001b[90m    |\u001b[39m                \u001b[31m\u001b[1m^\u001b[22m\u001b[2m\u001b[39m\u001b[22m\n\u001b[2m     \u001b[90m 28 |\u001b[39m     data\u001b[33m:\u001b[39m {\u001b[22m\n\u001b[2m     \u001b[90m 29 |\u001b[39m       email\u001b[33m,\u001b[39m\u001b[22m\n\u001b[2m     \u001b[90m 30 |\u001b[39m       password\u001b[33m:\u001b[39m hashedPassword\u001b[33m,\u001b[39m\u001b[0m\u001b[22m\n\u001b[2m\u001b[22m\n\u001b[2m      \u001b[2mat $n.handleRequestError (\u001b[22m\u001b[2mnode_modules/@prisma/client/runtime/library.js\u001b[2m:121:7315)\u001b[22m\u001b[2m\u001b[22m\n\u001b[2m      \u001b[2mat $n.handleAndLogRequestError (\u001b[22m\u001b[2mnode_modules/@prisma/client/runtime/library.js\u001b[2m:121:6623)\u001b[22m\u001b[2m\u001b[22m\n\u001b[2m      \u001b[2mat $n.request (\u001b[22m\u001b[2mnode_modules/@prisma/client/runtime/library.js\u001b[2m:121:6307)\u001b[22m\u001b[2m\u001b[22m\n\u001b[2m      \u001b[2mat async l (\u001b[22m\u001b[2mnode_modules/@prisma/client/runtime/library.js\u001b[2m:130:9633)\u001b[22m\u001b[2m\u001b[22m\n\u001b[2m      \u001b[2mat async createTestUser (\u001b[22m\u001b[2msrc/test/helpers.ts\u001b[2m:27:16)\u001b[22m\u001b[2m\u001b[22m\n\u001b[2m      \u001b[2mat async Object.<anonymous> (\u001b[22m\u001b[2m\u001b[0m\u001b[36msrc/test/payments.test.ts\u001b[39m\u001b[0m\u001b[2m:34:17)\u001b[22m\u001b[2m\u001b[22m\n\n\u001b[1m\u001b[31m  \u001b[1m● \u001b[22m\u001b[1mPayments API › POST /api/payments › should reject invalid payment method\u001b[39m\u001b[22m\n\n    PrismaClientKnownRequestError: \n    Invalid `prisma.user.create()` invocation in\n    /home/aditya-gupta/backend work/hotel management system/backend/src/test/helpers.ts:27:34\n\n      24 const password = overrides.password || \"TestPass123\";\n      25 const hashedPassword = await bcrypt.hash(password, 12);\n      26 \n    → 27 const user = await prisma.user.create(\n    The column `loginAttempts` does not exist in the current database.\n\u001b[2m\u001b[22m\n\u001b[2m    \u001b[0m \u001b[90m 25 |\u001b[39m   \u001b[36mconst\u001b[39m hashedPassword \u001b[33m=\u001b[39m \u001b[36mawait\u001b[39m bcrypt\u001b[33m.\u001b[39mhash(password\u001b[33m,\u001b[39m \u001b[35m12\u001b[39m)\u001b[33m;\u001b[39m\u001b[22m\n\u001b[2m     \u001b[90m 26 |\u001b[39m\u001b[22m\n\u001b[2m    \u001b[31m\u001b[1m>\u001b[22m\u001b[2m\u001b[39m\u001b[90m 27 |\u001b[39m   \u001b[36mconst\u001b[39m user \u001b[33m=\u001b[39m \u001b[36mawait\u001b[39m prisma\u001b[33m.\u001b[39muser\u001b[33m.\u001b[39mcreate({\u001b[22m\n\u001b[2m     \u001b[90m    |\u001b[39m                \u001b[31m\u001b[1m^\u001b[22m\u001b[2m\u001b[39m\u001b[22m\n\u001b[2m     \u001b[90m 28 |\u001b[39m     data\u001b[33m:\u001b[39m {\u001b[22m\n\u001b[2m     \u001b[90m 29 |\u001b[39m       email\u001b[33m,\u001b[39m\u001b[22m\n\u001b[2m     \u001b[90m 30 |\u001b[39m       password\u001b[33m:\u001b[39m hashedPassword\u001b[33m,\u001b[39m\u001b[0m\u001b[22m\n\u001b[2m\u001b[22m\n\u001b[2m      \u001b[2mat $n.handleRequestError (\u001b[22m\u001b[2mnode_modules/@prisma/client/runtime/library.js\u001b[2m:121:7315)\u001b[22m\u001b[2m\u001b[22m\n\u001b[2m      \u001b[2mat $n.handleAndLogRequestError (\u001b[22m\u001b[2mnode_modules/@prisma/client/runtime/library.js\u001b[2m:121:6623)\u001b[22m\u001b[2m\u001b[22m\n\u001b[2m      \u001b[2mat $n.request (\u001b[22m\u001b[2mnode_modules/@prisma/client/runtime/library.js\u001b[2m:121:6307)\u001b[22m\u001b[2m\u001b[22m\n\u001b[2m      \u001b[2mat async l (\u001b[22m\u001b[2mnode_modules/@prisma/client/runtime/library.js\u001b[2m:130:9633)\u001b[22m\u001b[2m\u001b[22m\n\u001b[2m      \u001b[2mat async createTestUser (\u001b[22m\u001b[2msrc/test/helpers.ts\u001b[2m:27:16)\u001b[22m\u001b[2m\u001b[22m\n\u001b[2m      \u001b[2mat async Object.<anonymous> (\u001b[22m\u001b[2m\u001b[0m\u001b[36msrc/test/payments.test.ts\u001b[39m\u001b[0m\u001b[2m:34:17)\u001b[22m\u001b[2m\u001b[22m\n\n\u001b[1m\u001b[31m  \u001b[1m● \u001b[22m\u001b[1mPayments API › GET /api/payments/stats › should return payment stats\u001b[39m\u001b[22m\n\n    PrismaClientKnownRequestError: \n    Invalid `prisma.user.create()` invocation in\n    /home/aditya-gupta/backend work/hotel management system/backend/src/test/helpers.ts:27:34\n\n      24 const password = overrides.password || \"TestPass123\";\n      25 const hashedPassword = await bcrypt.hash(password, 12);\n      26 \n    → 27 const user = await prisma.user.create(\n    The column `loginAttempts` does not exist in the current database.\n\u001b[2m\u001b[22m\n\u001b[2m    \u001b[0m \u001b[90m 25 |\u001b[39m   \u001b[36mconst\u001b[39m hashedPassword \u001b[33m=\u001b[39m \u001b[36mawait\u001b[39m bcrypt\u001b[33m.\u001b[39mhash(password\u001b[33m,\u001b[39m \u001b[35m12\u001b[39m)\u001b[33m;\u001b[39m\u001b[22m\n\u001b[2m     \u001b[90m 26 |\u001b[39m\u001b[22m\n\u001b[2m    \u001b[31m\u001b[1m>\u001b[22m\u001b[2m\u001b[39m\u001b[90m 27 |\u001b[39m   \u001b[36mconst\u001b[39m user \u001b[33m=\u001b[39m \u001b[36mawait\u001b[39m prisma\u001b[33m.\u001b[39muser\u001b[33m.\u001b[39mcreate({\u001b[22m\n\u001b[2m     \u001b[90m    |\u001b[39m                \u001b[31m\u001b[1m^\u001b[22m\u001b[2m\u001b[39m\u001b[22m\n\u001b[2m     \u001b[90m 28 |\u001b[39m     data\u001b[33m:\u001b[39m {\u001b[22m\n\u001b[2m     \u001b[90m 29 |\u001b[39m       email\u001b[33m,\u001b[39m\u001b[22m\n\u001b[2m     \u001b[90m 30 |\u001b[39m       password\u001b[33m:\u001b[39m hashedPassword\u001b[33m,\u001b[39m\u001b[0m\u001b[22m\n\u001b[2m\u001b[22m\n\u001b[2m      \u001b[2mat $n.handleRequestError (\u001b[22m\u001b[2mnode_modules/@prisma/client/runtime/library.js\u001b[2m:121:7315)\u001b[22m\u001b[2m\u001b[22m\n\u001b[2m      \u001b[2mat $n.handleAndLogRequestError (\u001b[22m\u001b[2mnode_modules/@prisma/client/runtime/library.js\u001b[2m:121:6623)\u001b[22m\u001b[2m\u001b[22m\n\u001b[2m      \u001b[2mat $n.request (\u001b[22m\u001b[2mnode_modules/@prisma/client/runtime/library.js\u001b[2m:121:6307)\u001b[22m\u001b[2m\u001b[22m\n\u001b[2m      \u001b[2mat async l (\u001b[22m\u001b[2mnode_modules/@prisma/client/runtime/library.js\u001b[2m:130:9633)\u001b[22m\u001b[2m\u001b[22m\n\u001b[2m      \u001b[2mat async createTestUser (\u001b[22m\u001b[2msrc/test/helpers.ts\u001b[2m:27:16)\u001b[22m\u001b[2m\u001b[22m\n\u001b[2m      \u001b[2mat async Object.<anonymous> (\u001b[22m\u001b[2m\u001b[0m\u001b[36msrc/test/payments.test.ts\u001b[39m\u001b[0m\u001b[2m:34:17)\u001b[22m\u001b[2m\u001b[22m\n\n\u001b[1m\u001b[31m  \u001b[1m● \u001b[22m\u001b[1mPayments API › POST /api/payments/:id/refund › should reject refund by customer\u001b[39m\u001b[22m\n\n    PrismaClientKnownRequestError: \n    Invalid `prisma.user.create()` invocation in\n    /home/aditya-gupta/backend work/hotel management system/backend/src/test/helpers.ts:27:34\n\n      24 const password = overrides.password || \"TestPass123\";\n      25 const hashedPassword = await bcrypt.hash(password, 12);\n      26 \n    → 27 const user = await prisma.user.create(\n    The column `loginAttempts` does not exist in the current database.\n\u001b[2m\u001b[22m\n\u001b[2m    \u001b[0m \u001b[90m 25 |\u001b[39m   \u001b[36mconst\u001b[39m hashedPassword \u001b[33m=\u001b[39m \u001b[36mawait\u001b[39m bcrypt\u001b[33m.\u001b[39mhash(password\u001b[33m,\u001b[39m \u001b[35m12\u001b[39m)\u001b[33m;\u001b[39m\u001b[22m\n\u001b[2m     \u001b[90m 26 |\u001b[39m\u001b[22m\n\u001b[2m    \u001b[31m\u001b[1m>\u001b[22m\u001b[2m\u001b[39m\u001b[90m 27 |\u001b[39m   \u001b[36mconst\u001b[39m user \u001b[33m=\u001b[39m \u001b[36mawait\u001b[39m prisma\u001b[33m.\u001b[39muser\u001b[33m.\u001b[39mcreate({\u001b[22m\n\u001b[2m     \u001b[90m    |\u001b[39m                \u001b[31m\u001b[1m^\u001b[22m\u001b[2m\u001b[39m\u001b[22m\n\u001b[2m     \u001b[90m 28 |\u001b[39m     data\u001b[33m:\u001b[39m {\u001b[22m\n\u001b[2m     \u001b[90m 29 |\u001b[39m       email\u001b[33m,\u001b[39m\u001b[22m\n\u001b[2m     \u001b[90m 30 |\u001b[39m       password\u001b[33m:\u001b[39m hashedPassword\u001b[33m,\u001b[39m\u001b[0m\u001b[22m\n\u001b[2m\u001b[22m\n\u001b[2m      \u001b[2mat $n.handleRequestError (\u001b[22m\u001b[2mnode_modules/@prisma/client/runtime/library.js\u001b[2m:121:7315)\u001b[22m\u001b[2m\u001b[22m\n\u001b[2m      \u001b[2mat $n.handleAndLogRequestError (\u001b[22m\u001b[2mnode_modules/@prisma/client/runtime/library.js\u001b[2m:121:6623)\u001b[22m\u001b[2m\u001b[22m\n\u001b[2m      \u001b[2mat $n.request (\u001b[22m\u001b[2mnode_modules/@prisma/client/runtime/library.js\u001b[2m:121:6307)\u001b[22m\u001b[2m\u001b[22m\n\u001b[2m      \u001b[2mat async l (\u001b[22m\u001b[2mnode_modules/@prisma/client/runtime/library.js\u001b[2m:130:9633)\u001b[22m\u001b[2m\u001b[22m\n\u001b[2m      \u001b[2mat async createTestUser (\u001b[22m\u001b[2msrc/test/helpers.ts\u001b[2m:27:16)\u001b[22m\u001b[2m\u001b[22m\n\u001b[2m      \u001b[2mat async Object.<anonymous> (\u001b[22m\u001b[2m\u001b[0m\u001b[36msrc/test/payments.test.ts\u001b[39m\u001b[0m\u001b[2m:34:17)\u001b[22m\u001b[2m\u001b[22m\n","name":"/home/aditya-gupta/backend work/hotel management system/backend/src/test/payments.test.ts","startTime":1780507803777,"status":"failed","summary":""},{"assertionResults":[{"ancestorTitles":["Auth API","POST /api/auth/register"],"duration":61,"failureDetails":[{"matcherResult":{"actual":400,"expected":201,"message":"\u001b[2mexpect(\u001b[22m\u001b[31mreceived\u001b[39m\u001b[2m).\u001b[22mtoBe\u001b[2m(\u001b[22m\u001b[32mexpected\u001b[39m\u001b[2m) // Object.is equality\u001b[22m\n\nExpected: \u001b[32m201\u001b[39m\nReceived: \u001b[31m400\u001b[39m","name":"toBe","pass":false}}],"failureMessages":["Error: \u001b[2mexpect(\u001b[22m\u001b[31mreceived\u001b[39m\u001b[2m).\u001b[22mtoBe\u001b[2m(\u001b[22m\u001b[32mexpected\u001b[39m\u001b[2m) // Object.is equality\u001b[22m\n\nExpected: \u001b[32m201\u001b[39m\nReceived: \u001b[31m400\u001b[39m\n    at Object.<anonymous> (/home/aditya-gupta/backend work/hotel management system/backend/src/test/auth.test.ts:38:26)\n    at processTicksAndRejections (node:internal/process/task_queues:95:5)"],"fullName":"Auth API POST /api/auth/register should register a new user","invocations":1,"location":null,"numPassingAsserts":0,"retryReasons":[],"status":"failed","title":"should register a new user"},{"ancestorTitles":["Auth API","POST /api/auth/register"],"duration":22,"failureDetails":[],"failureMessages":[],"fullName":"Auth API POST /api/auth/register should reject duplicate email","invocations":1,"location":null,"numPassingAsserts":2,"retryReasons":[],"status":"passed","title":"should reject duplicate email"},{"ancestorTitles":["Auth API","POST /api/auth/register"],"duration":12,"failureDetails":[],"failureMessages":[],"fullName":"Auth API POST /api/auth/register should reject invalid email","invocations":1,"location":null,"numPassingAsserts":1,"retryReasons":[],"status":"passed","title":"should reject invalid email"},{"ancestorTitles":["Auth API","POST /api/auth/register"],"duration":16,"failureDetails":[],"failureMessages":[],"fullName":"Auth API POST /api/auth/register should reject short password","invocations":1,"location":null,"numPassingAsserts":1,"retryReasons":[],"status":"passed","title":"should reject short password"},{"ancestorTitles":["Auth API","POST /api/auth/login"],"duration":47,"failureDetails":[{"matcherResult":{"actual":500,"expected":200,"message":"\u001b[2mexpect(\u001b[22m\u001b[31mreceived\u001b[39m\u001b[2m).\u001b[22mtoBe\u001b[2m(\u001b[22m\u001b[32mexpected\u001b[39m\u001b[2m) // Object.is equality\u001b[22m\n\nExpected: \u001b[32m200\u001b[39m\nReceived: \u001b[31m500\u001b[39m","name":"toBe","pass":false}}],"failureMessages":["Error: \u001b[2mexpect(\u001b[22m\u001b[31mreceived\u001b[39m\u001b[2m).\u001b[22mtoBe\u001b[2m(\u001b[22m\u001b[32mexpected\u001b[39m\u001b[2m) // Object.is equality\u001b[22m\n\nExpected: \u001b[32m200\u001b[39m\nReceived: \u001b[31m500\u001b[39m\n    at Object.<anonymous> (/home/aditya-gupta/backend work/hotel management system/backend/src/test/auth.test.ts:75:26)\n    at processTicksAndRejections (node:internal/process/task_queues:95:5)"],"fullName":"Auth API POST /api/auth/login should login with valid credentials","invocations":1,"location":null,"numPassingAsserts":0,"retryReasons":[],"status":"failed","title":"should login with valid credentials"},{"ancestorTitles":["Auth API","POST /api/auth/login"],"duration":12,"failureDetails":[{"matcherResult":{"actual":429,"expected":401,"message":"\u001b[2mexpect(\u001b[22m\u001b[31mreceived\u001b[39m\u001b[2m).\u001b[22mtoBe\u001b[2m(\u001b[22m\u001b[32mexpected\u001b[39m\u001b[2m) // Object.is equality\u001b[22m\n\nExpected: \u001b[32m401\u001b[39m\nReceived: \u001b[31m429\u001b[39m","name":"toBe","pass":false}}],"failureMessages":["Error: \u001b[2mexpect(\u001b[22m\u001b[31mreceived\u001b[39m\u001b[2m).\u001b[22mtoBe\u001b[2m(\u001b[22m\u001b[32mexpected\u001b[39m\u001b[2m) // Object.is equality\u001b[22m\n\nExpected: \u001b[32m401\u001b[39m\nReceived: \u001b[31m429\u001b[39m\n    at Object.<anonymous> (/home/aditya-gupta/backend work/hotel management system/backend/src/test/auth.test.ts:86:26)\n    at processTicksAndRejections (node:internal/process/task_queues:95:5)"],"fullName":"Auth API POST /api/auth/login should reject invalid password","invocations":1,"location":null,"numPassingAsserts":0,"retryReasons":[],"status":"failed","title":"should reject invalid password"},{"ancestorTitles":["Auth API","POST /api/auth/login"],"duration":13,"failureDetails":[{"matcherResult":{"actual":429,"expected":401,"message":"\u001b[2mexpect(\u001b[22m\u001b[31mreceived\u001b[39m\u001b[2m).\u001b[22mtoBe\u001b[2m(\u001b[22m\u001b[32mexpected\u001b[39m\u001b[2m) // Object.is equality\u001b[22m\n\nExpected: \u001b[32m401\u001b[39m\nReceived: \u001b[31m429\u001b[39m","name":"toBe","pass":false}}],"failureMessages":["Error: \u001b[2mexpect(\u001b[22m\u001b[31mreceived\u001b[39m\u001b[2m).\u001b[22mtoBe\u001b[2m(\u001b[22m\u001b[32mexpected\u001b[39m\u001b[2m) // Object.is equality\u001b[22m\n\nExpected: \u001b[32m401\u001b[39m\nReceived: \u001b[31m429\u001b[39m\n    at Object.<anonymous> (/home/aditya-gupta/backend work/hotel management system/backend/src/test/auth.test.ts:94:26)\n    at processTicksAndRejections (node:internal/process/task_queues:95:5)"],"fullName":"Auth API POST /api/auth/login should reject non-existent email","invocations":1,"location":null,"numPassingAsserts":0,"retryReasons":[],"status":"failed","title":"should reject non-existent email"},{"ancestorTitles":["Auth API","GET /api/auth/profile"],"duration":457,"failureDetails":[{"name":"PrismaClientKnownRequestError","code":"P2022","clientVersion":"5.22.0","meta":{"modelName":"User","column":"loginAttempts"}}],"failureMessages":["PrismaClientKnownRequestError: \nInvalid `prisma.user.create()` invocation in\n/home/aditya-gupta/backend work/hotel management system/backend/src/test/helpers.ts:27:34\n\n  24 const password = overrides.password || \"TestPass123\";\n  25 const hashedPassword = await bcrypt.hash(password, 12);\n  26 \n→ 27 const user = await prisma.user.create(\nThe column `loginAttempts` does not exist in the current database.\n    at $n.handleRequestError (/home/aditya-gupta/backend work/hotel management system/backend/node_modules/@prisma/client/runtime/library.js:121:7315)\n    at $n.handleAndLogRequestError (/home/aditya-gupta/backend work/hotel management system/backend/node_modules/@prisma/client/runtime/library.js:121:6623)\n    at $n.request (/home/aditya-gupta/backend work/hotel management system/backend/node_modules/@prisma/client/runtime/library.js:121:6307)\n    at async l (/home/aditya-gupta/backend work/hotel management system/backend/node_modules/@prisma/client/runtime/library.js:130:9633)\n    at async createTestUser (/home/aditya-gupta/backend work/hotel management system/backend/src/test/helpers.ts:27:16)\n    at async Object.<anonymous> (/home/aditya-gupta/backend work/hotel management system/backend/src/test/auth.test.ts:100:20)"],"fullName":"Auth API GET /api/auth/profile should return user profile with valid token","invocations":1,"location":null,"numPassingAsserts":0,"retryReasons":[],"status":"failed","title":"should return user profile with valid token"},{"ancestorTitles":["Auth API","GET /api/auth/profile"],"duration":13,"failureDetails":[],"failureMessages":[],"fullName":"Auth API GET /api/auth/profile should reject without token","invocations":1,"location":null,"numPassingAsserts":1,"retryReasons":[],"status":"passed","title":"should reject without token"},{"ancestorTitles":["Auth API","GET /api/auth/profile"],"duration":10,"failureDetails":[],"failureMessages":[],"fullName":"Auth API GET /api/auth/profile should reject invalid token","invocations":1,"location":null,"numPassingAsserts":1,"retryReasons":[],"status":"passed","title":"should reject invalid token"},{"ancestorTitles":["Auth API","POST /api/auth/forgot-password"],"duration":13,"failureDetails":[{"matcherResult":{"actual":429,"expected":200,"message":"\u001b[2mexpect(\u001b[22m\u001b[31mreceived\u001b[39m\u001b[2m).\u001b[22mtoBe\u001b[2m(\u001b[22m\u001b[32mexpected\u001b[39m\u001b[2m) // Object.is equality\u001b[22m\n\nExpected: \u001b[32m200\u001b[39m\nReceived: \u001b[31m429\u001b[39m","name":"toBe","pass":false}}],"failureMessages":["Error: \u001b[2mexpect(\u001b[22m\u001b[31mreceived\u001b[39m\u001b[2m).\u001b[22mtoBe\u001b[2m(\u001b[22m\u001b[32mexpected\u001b[39m\u001b[2m) // Object.is equality\u001b[22m\n\nExpected: \u001b[32m200\u001b[39m\nReceived: \u001b[31m429\u001b[39m\n    at Object.<anonymous> (/home/aditya-gupta/backend work/hotel management system/backend/src/test/auth.test.ts:130:26)\n    at processTicksAndRejections (node:internal/process/task_queues:95:5)"],"fullName":"Auth API POST /api/auth/forgot-password should send OTP for existing email","invocations":1,"location":null,"numPassingAsserts":0,"retryReasons":[],"status":"failed","title":"should send OTP for existing email"}],"endTime":1780507808195,"message":"\u001b[1m\u001b[31m  \u001b[1m● \u001b[22m\u001b[1mAuth API › POST /api/auth/register › should register a new user\u001b[39m\u001b[22m\n\n    \u001b[2mexpect(\u001b[22m\u001b[31mreceived\u001b[39m\u001b[2m).\u001b[22mtoBe\u001b[2m(\u001b[22m\u001b[32mexpected\u001b[39m\u001b[2m) // Object.is equality\u001b[22m\n\n    Expected: \u001b[32m201\u001b[39m\n    Received: \u001b[31m400\u001b[39m\n\u001b[2m\u001b[22m\n\u001b[2m    \u001b[0m \u001b[90m 36 |\u001b[39m       \u001b[36mconst\u001b[39m res \u001b[33m=\u001b[39m \u001b[36mawait\u001b[39m request(app)\u001b[33m.\u001b[39mpost(\u001b[32m\"/api/auth/register\"\u001b[39m)\u001b[33m.\u001b[39msend(testUser)\u001b[33m;\u001b[39m\u001b[22m\n\u001b[2m     \u001b[90m 37 |\u001b[39m\u001b[22m\n\u001b[2m    \u001b[31m\u001b[1m>\u001b[22m\u001b[2m\u001b[39m\u001b[90m 38 |\u001b[39m       expect(res\u001b[33m.\u001b[39mstatus)\u001b[33m.\u001b[39mtoBe(\u001b[35m201\u001b[39m)\u001b[33m;\u001b[39m\u001b[22m\n\u001b[2m     \u001b[90m    |\u001b[39m                          \u001b[31m\u001b[1m^\u001b[22m\u001b[2m\u001b[39m\u001b[22m\n\u001b[2m     \u001b[90m 39 |\u001b[39m       expect(res\u001b[33m.\u001b[39mbody\u001b[33m.\u001b[39msuccess)\u001b[33m.\u001b[39mtoBe(\u001b[36mtrue\u001b[39m)\u001b[33m;\u001b[39m\u001b[22m\n\u001b[2m     \u001b[90m 40 |\u001b[39m       expect(res\u001b[33m.\u001b[39mbody\u001b[33m.\u001b[39mdata\u001b[33m.\u001b[39muser\u001b[33m.\u001b[39memail)\u001b[33m.\u001b[39mtoBe(testUser\u001b[33m.\u001b[39memail)\u001b[33m;\u001b[39m\u001b[22m\n\u001b[2m     \u001b[90m 41 |\u001b[39m       expect(res\u001b[33m.\u001b[39mbody\u001b[33m.\u001b[39mdata\u001b[33m.\u001b[39maccessToken)\u001b[33m.\u001b[39mtoBeDefined()\u001b[33m;\u001b[39m\u001b[0m\u001b[22m\n\u001b[2m\u001b[22m\n\u001b[2m      \u001b[2mat Object.<anonymous> (\u001b[22m\u001b[2m\u001b[0m\u001b[36msrc/test/auth.test.ts\u001b[39m\u001b[0m\u001b[2m:38:26)\u001b[22m\u001b[2m\u001b[22m\n\n\u001b[1m\u001b[31m  \u001b[1m● \u001b[22m\u001b[1mAuth API › POST /api/auth/login › should login with valid credentials\u001b[39m\u001b[22m\n\n    \u001b[2mexpect(\u001b[22m\u001b[31mreceived\u001b[39m\u001b[2m).\u001b[22mtoBe\u001b[2m(\u001b[22m\u001b[32mexpected\u001b[39m\u001b[2m) // Object.is equality\u001b[22m\n\n    Expected: \u001b[32m200\u001b[39m\n    Received: \u001b[31m500\u001b[39m\n\u001b[2m\u001b[22m\n\u001b[2m    \u001b[0m \u001b[90m 73 |\u001b[39m       })\u001b[33m;\u001b[39m\u001b[22m\n\u001b[2m     \u001b[90m 74 |\u001b[39m\u001b[22m\n\u001b[2m    \u001b[31m\u001b[1m>\u001b[22m\u001b[2m\u001b[39m\u001b[90m 75 |\u001b[39m       expect(res\u001b[33m.\u001b[39mstatus)\u001b[33m.\u001b[39mtoBe(\u001b[35m200\u001b[39m)\u001b[33m;\u001b[39m\u001b[22m\n\u001b[2m     \u001b[90m    |\u001b[39m                          \u001b[31m\u001b[1m^\u001b[22m\u001b[2m\u001b[39m\u001b[22m\n\u001b[2m     \u001b[90m 76 |\u001b[39m       expect(res\u001b[33m.\u001b[39mbody\u001b[33m.\u001b[39msuccess)\u001b[33m.\u001b[39mtoBe(\u001b[36mtrue\u001b[39m)\u001b[33m;\u001b[39m\u001b[22m\n\u001b[2m     \u001b[90m 77 |\u001b[39m       expect(res\u001b[33m.\u001b[39mbody\u001b[33m.\u001b[39mdata\u001b[33m.\u001b[39maccessToken)\u001b[33m.\u001b[39mtoBeDefined()\u001b[33m;\u001b[39m\u001b[22m\n\u001b[2m     \u001b[90m 78 |\u001b[39m     })\u001b[33m;\u001b[39m\u001b[0m\u001b[22m\n\u001b[2m\u001b[22m\n\u001b[2m      \u001b[2mat Object.<anonymous> (\u001b[22m\u001b[2m\u001b[0m\u001b[36msrc/test/auth.test.ts\u001b[39m\u001b[0m\u001b[2m:75:26)\u001b[22m\u001b[2m\u001b[22m\n\n\u001b[1m\u001b[31m  \u001b[1m● \u001b[22m\u001b[1mAuth API › POST /api/auth/login › should reject invalid password\u001b[39m\u001b[22m\n\n    \u001b[2mexpect(\u001b[22m\u001b[31mreceived\u001b[39m\u001b[2m).\u001b[22mtoBe\u001b[2m(\u001b[22m\u001b[32mexpected\u001b[39m\u001b[2m) // Object.is equality\u001b[22m\n\n    Expected: \u001b[32m401\u001b[39m\n    Received: \u001b[31m429\u001b[39m\n\u001b[2m\u001b[22m\n\u001b[2m    \u001b[0m \u001b[90m 84 |\u001b[39m       })\u001b[33m;\u001b[39m\u001b[22m\n\u001b[2m     \u001b[90m 85 |\u001b[39m\u001b[22m\n\u001b[2m    \u001b[31m\u001b[1m>\u001b[22m\u001b[2m\u001b[39m\u001b[90m 86 |\u001b[39m       expect(res\u001b[33m.\u001b[39mstatus)\u001b[33m.\u001b[39mtoBe(\u001b[35m401\u001b[39m)\u001b[33m;\u001b[39m\u001b[22m\n\u001b[2m     \u001b[90m    |\u001b[39m                          \u001b[31m\u001b[1m^\u001b[22m\u001b[2m\u001b[39m\u001b[22m\n\u001b[2m     \u001b[90m 87 |\u001b[39m     })\u001b[33m;\u001b[39m\u001b[22m\n\u001b[2m     \u001b[90m 88 |\u001b[39m\u001b[22m\n\u001b[2m     \u001b[90m 89 |\u001b[39m     it(\u001b[32m\"should reject non-existent email\"\u001b[39m\u001b[33m,\u001b[39m \u001b[36masync\u001b[39m () \u001b[33m=>\u001b[39m {\u001b[0m\u001b[22m\n\u001b[2m\u001b[22m\n\u001b[2m      \u001b[2mat Object.<anonymous> (\u001b[22m\u001b[2m\u001b[0m\u001b[36msrc/test/auth.test.ts\u001b[39m\u001b[0m\u001b[2m:86:26)\u001b[22m\u001b[2m\u001b[22m\n\n\u001b[1m\u001b[31m  \u001b[1m● \u001b[22m\u001b[1mAuth API › POST /api/auth/login › should reject non-existent email\u001b[39m\u001b[22m\n\n    \u001b[2mexpect(\u001b[22m\u001b[31mreceived\u001b[39m\u001b[2m).\u001b[22mtoBe\u001b[2m(\u001b[22m\u001b[32mexpected\u001b[39m\u001b[2m) // Object.is equality\u001b[22m\n\n    Expected: \u001b[32m401\u001b[39m\n    Received: \u001b[31m429\u001b[39m\n\u001b[2m\u001b[22m\n\u001b[2m    \u001b[0m \u001b[90m 92 |\u001b[39m         \u001b[33m.\u001b[39msend({ email\u001b[33m:\u001b[39m \u001b[32m\"nonexistent@example.com\"\u001b[39m\u001b[33m,\u001b[39m password\u001b[33m:\u001b[39m \u001b[32m\"TestPass123\"\u001b[39m })\u001b[33m;\u001b[39m\u001b[22m\n\u001b[2m     \u001b[90m 93 |\u001b[39m\u001b[22m\n\u001b[2m    \u001b[31m\u001b[1m>\u001b[22m\u001b[2m\u001b[39m\u001b[90m 94 |\u001b[39m       expect(res\u001b[33m.\u001b[39mstatus)\u001b[33m.\u001b[39mtoBe(\u001b[35m401\u001b[39m)\u001b[33m;\u001b[39m\u001b[22m\n\u001b[2m     \u001b[90m    |\u001b[39m                          \u001b[31m\u001b[1m^\u001b[22m\u001b[2m\u001b[39m\u001b[22m\n\u001b[2m     \u001b[90m 95 |\u001b[39m     })\u001b[33m;\u001b[39m\u001b[22m\n\u001b[2m     \u001b[90m 96 |\u001b[39m   })\u001b[33m;\u001b[39m\u001b[22m\n\u001b[2m     \u001b[90m 97 |\u001b[39m\u001b[0m\u001b[22m\n\u001b[2m\u001b[22m\n\u001b[2m      \u001b[2mat Object.<anonymous> (\u001b[22m\u001b[2m\u001b[0m\u001b[36msrc/test/auth.test.ts\u001b[39m\u001b[0m\u001b[2m:94:26)\u001b[22m\u001b[2m\u001b[22m\n\n\u001b[1m\u001b[31m  \u001b[1m● \u001b[22m\u001b[1mAuth API › GET /api/auth/profile › should return user profile with valid token\u001b[39m\u001b[22m\n\n    PrismaClientKnownRequestError: \n    Invalid `prisma.user.create()` invocation in\n    /home/aditya-gupta/backend work/hotel management system/backend/src/test/helpers.ts:27:34\n\n      24 const password = overrides.password || \"TestPass123\";\n      25 const hashedPassword = await bcrypt.hash(password, 12);\n      26 \n    → 27 const user = await prisma.user.create(\n    The column `loginAttempts` does not exist in the current database.\n\u001b[2m\u001b[22m\n\u001b[2m    \u001b[0m \u001b[90m 25 |\u001b[39m   \u001b[36mconst\u001b[39m hashedPassword \u001b[33m=\u001b[39m \u001b[36mawait\u001b[39m bcrypt\u001b[33m.\u001b[39mhash(password\u001b[33m,\u001b[39m \u001b[35m12\u001b[39m)\u001b[33m;\u001b[39m\u001b[22m\n\u001b[2m     \u001b[90m 26 |\u001b[39m\u001b[22m\n\u001b[2m    \u001b[31m\u001b[1m>\u001b[22m\u001b[2m\u001b[39m\u001b[90m 27 |\u001b[39m   \u001b[36mconst\u001b[39m user \u001b[33m=\u001b[39m \u001b[36mawait\u001b[39m prisma\u001b[33m.\u001b[39muser\u001b[33m.\u001b[39mcreate({\u001b[22m\n\u001b[2m     \u001b[90m    |\u001b[39m                \u001b[31m\u001b[1m^\u001b[22m\u001b[2m\u001b[39m\u001b[22m\n\u001b[2m     \u001b[90m 28 |\u001b[39m     data\u001b[33m:\u001b[39m {\u001b[22m\n\u001b[2m     \u001b[90m 29 |\u001b[39m       email\u001b[33m,\u001b[39m\u001b[22m\n\u001b[2m     \u001b[90m 30 |\u001b[39m       password\u001b[33m:\u001b[39m hashedPassword\u001b[33m,\u001b[39m\u001b[0m\u001b[22m\n\u001b[2m\u001b[22m\n\u001b[2m      \u001b[2mat $n.handleRequestError (\u001b[22m\u001b[2mnode_modules/@prisma/client/runtime/library.js\u001b[2m:121:7315)\u001b[22m\u001b[2m\u001b[22m\n\u001b[2m      \u001b[2mat $n.handleAndLogRequestError (\u001b[22m\u001b[2mnode_modules/@prisma/client/runtime/library.js\u001b[2m:121:6623)\u001b[22m\u001b[2m\u001b[22m\n\u001b[2m      \u001b[2mat $n.request (\u001b[22m\u001b[2mnode_modules/@prisma/client/runtime/library.js\u001b[2m:121:6307)\u001b[22m\u001b[2m\u001b[22m\n\u001b[2m      \u001b[2mat async l (\u001b[22m\u001b[2mnode_modules/@prisma/client/runtime/library.js\u001b[2m:130:9633)\u001b[22m\u001b[2m\u001b[22m\n\u001b[2m      \u001b[2mat async createTestUser (\u001b[22m\u001b[2msrc/test/helpers.ts\u001b[2m:27:16)\u001b[22m\u001b[2m\u001b[22m\n\u001b[2m      \u001b[2mat async Object.<anonymous> (\u001b[22m\u001b[2m\u001b[0m\u001b[36msrc/test/auth.test.ts\u001b[39m\u001b[0m\u001b[2m:100:20)\u001b[22m\u001b[2m\u001b[22m\n\n\u001b[1m\u001b[31m  \u001b[1m● \u001b[22m\u001b[1mAuth API › POST /api/auth/forgot-password › should send OTP for existing email\u001b[39m\u001b[22m\n\n    \u001b[2mexpect(\u001b[22m\u001b[31mreceived\u001b[39m\u001b[2m).\u001b[22mtoBe\u001b[2m(\u001b[22m\u001b[32mexpected\u001b[39m\u001b[2m) // Object.is equality\u001b[22m\n\n    Expected: \u001b[32m200\u001b[39m\n    Received: \u001b[31m429\u001b[39m\n\u001b[2m\u001b[22m\n\u001b[2m    \u001b[0m \u001b[90m 128 |\u001b[39m         \u001b[33m.\u001b[39msend({ email\u001b[33m:\u001b[39m testUser\u001b[33m.\u001b[39memail })\u001b[33m;\u001b[39m\u001b[22m\n\u001b[2m     \u001b[90m 129 |\u001b[39m\u001b[22m\n\u001b[2m    \u001b[31m\u001b[1m>\u001b[22m\u001b[2m\u001b[39m\u001b[90m 130 |\u001b[39m       expect(res\u001b[33m.\u001b[39mstatus)\u001b[33m.\u001b[39mtoBe(\u001b[35m200\u001b[39m)\u001b[33m;\u001b[39m\u001b[22m\n\u001b[2m     \u001b[90m     |\u001b[39m                          \u001b[31m\u001b[1m^\u001b[22m\u001b[2m\u001b[39m\u001b[22m\n\u001b[2m     \u001b[90m 131 |\u001b[39m       expect(res\u001b[33m.\u001b[39mbody\u001b[33m.\u001b[39msuccess)\u001b[33m.\u001b[39mtoBe(\u001b[36mtrue\u001b[39m)\u001b[33m;\u001b[39m\u001b[22m\n\u001b[2m     \u001b[90m 132 |\u001b[39m     })\u001b[33m;\u001b[39m\u001b[22m\n\u001b[2m     \u001b[90m 133 |\u001b[39m   })\u001b[33m;\u001b[39m\u001b[0m\u001b[22m\n\u001b[2m\u001b[22m\n\u001b[2m      \u001b[2mat Object.<anonymous> (\u001b[22m\u001b[2m\u001b[0m\u001b[36msrc/test/auth.test.ts\u001b[39m\u001b[0m\u001b[2m:130:26)\u001b[22m\u001b[2m\u001b[22m\n","name":"/home/aditya-gupta/backend work/hotel management system/backend/src/test/auth.test.ts","startTime":1780507807124,"status":"failed","summary":""},{"assertionResults":[{"ancestorTitles":["Rooms API","GET /api/rooms"],"duration":0,"failureDetails":[{"name":"PrismaClientKnownRequestError","code":"P2022","clientVersion":"5.22.0","meta":{"modelName":"User","column":"loginAttempts"}}],"failureMessages":["PrismaClientKnownRequestError: \nInvalid `prisma.user.create()` invocation in\n/home/aditya-gupta/backend work/hotel management system/backend/src/test/helpers.ts:27:34\n\n  24 const password = overrides.password || \"TestPass123\";\n  25 const hashedPassword = await bcrypt.hash(password, 12);\n  26 \n→ 27 const user = await prisma.user.create(\nThe column `loginAttempts` does not exist in the current database.\n    at $n.handleRequestError (/home/aditya-gupta/backend work/hotel management system/backend/node_modules/@prisma/client/runtime/library.js:121:7315)\n    at $n.handleAndLogRequestError (/home/aditya-gupta/backend work/hotel management system/backend/node_modules/@prisma/client/runtime/library.js:121:6623)\n    at $n.request (/home/aditya-gupta/backend work/hotel management system/backend/node_modules/@prisma/client/runtime/library.js:121:6307)\n    at async l (/home/aditya-gupta/backend work/hotel management system/backend/node_modules/@prisma/client/runtime/library.js:130:9633)\n    at async createTestUser (/home/aditya-gupta/backend work/hotel management system/backend/src/test/helpers.ts:27:16)\n    at async Object.<anonymous> (/home/aditya-gupta/backend work/hotel management system/backend/src/test/rooms.test.ts:32:17)"],"fullName":"Rooms API GET /api/rooms should list all rooms","invocations":1,"location":null,"numPassingAsserts":0,"retryReasons":[],"status":"failed","title":"should list all rooms"},{"ancestorTitles":["Rooms API","GET /api/rooms/:id"],"duration":1,"failureDetails":[{"name":"PrismaClientKnownRequestError","code":"P2022","clientVersion":"5.22.0","meta":{"modelName":"User","column":"loginAttempts"}}],"failureMessages":["PrismaClientKnownRequestError: \nInvalid `prisma.user.create()` invocation in\n/home/aditya-gupta/backend work/hotel management system/backend/src/test/helpers.ts:27:34\n\n  24 const password = overrides.password || \"TestPass123\";\n  25 const hashedPassword = await bcrypt.hash(password, 12);\n  26 \n→ 27 const user = await prisma.user.create(\nThe column `loginAttempts` does not exist in the current database.\n    at $n.handleRequestError (/home/aditya-gupta/backend work/hotel management system/backend/node_modules/@prisma/client/runtime/library.js:121:7315)\n    at $n.handleAndLogRequestError (/home/aditya-gupta/backend work/hotel management system/backend/node_modules/@prisma/client/runtime/library.js:121:6623)\n    at $n.request (/home/aditya-gupta/backend work/hotel management system/backend/node_modules/@prisma/client/runtime/library.js:121:6307)\n    at async l (/home/aditya-gupta/backend work/hotel management system/backend/node_modules/@prisma/client/runtime/library.js:130:9633)\n    at async createTestUser (/home/aditya-gupta/backend work/hotel management system/backend/src/test/helpers.ts:27:16)\n    at async Object.<anonymous> (/home/aditya-gupta/backend work/hotel management system/backend/src/test/rooms.test.ts:32:17)"],"fullName":"Rooms API GET /api/rooms/:id should get room by id","invocations":1,"location":null,"numPassingAsserts":0,"retryReasons":[],"status":"failed","title":"should get room by id"},{"ancestorTitles":["Rooms API","GET /api/rooms/:id"],"duration":0,"failureDetails":[{"name":"PrismaClientKnownRequestError","code":"P2022","clientVersion":"5.22.0","meta":{"modelName":"User","column":"loginAttempts"}}],"failureMessages":["PrismaClientKnownRequestError: \nInvalid `prisma.user.create()` invocation in\n/home/aditya-gupta/backend work/hotel management system/backend/src/test/helpers.ts:27:34\n\n  24 const password = overrides.password || \"TestPass123\";\n  25 const hashedPassword = await bcrypt.hash(password, 12);\n  26 \n→ 27 const user = await prisma.user.create(\nThe column `loginAttempts` does not exist in the current database.\n    at $n.handleRequestError (/home/aditya-gupta/backend work/hotel management system/backend/node_modules/@prisma/client/runtime/library.js:121:7315)\n    at $n.handleAndLogRequestError (/home/aditya-gupta/backend work/hotel management system/backend/node_modules/@prisma/client/runtime/library.js:121:6623)\n    at $n.request (/home/aditya-gupta/backend work/hotel management system/backend/node_modules/@prisma/client/runtime/library.js:121:6307)\n    at async l (/home/aditya-gupta/backend work/hotel management system/backend/node_modules/@prisma/client/runtime/library.js:130:9633)\n    at async createTestUser (/home/aditya-gupta/backend work/hotel management system/backend/src/test/helpers.ts:27:16)\n    at async Object.<anonymous> (/home/aditya-gupta/backend work/hotel management system/backend/src/test/rooms.test.ts:32:17)"],"fullName":"Rooms API GET /api/rooms/:id should return 404 for non-existent room","invocations":1,"location":null,"numPassingAsserts":0,"retryReasons":[],"status":"failed","title":"should return 404 for non-existent room"},{"ancestorTitles":["Rooms API","POST /api/rooms"],"duration":0,"failureDetails":[{"name":"PrismaClientKnownRequestError","code":"P2022","clientVersion":"5.22.0","meta":{"modelName":"User","column":"loginAttempts"}}],"failureMessages":["PrismaClientKnownRequestError: \nInvalid `prisma.user.create()` invocation in\n/home/aditya-gupta/backend work/hotel management system/backend/src/test/helpers.ts:27:34\n\n  24 const password = overrides.password || \"TestPass123\";\n  25 const hashedPassword = await bcrypt.hash(password, 12);\n  26 \n→ 27 const user = await prisma.user.create(\nThe column `loginAttempts` does not exist in the current database.\n    at $n.handleRequestError (/home/aditya-gupta/backend work/hotel management system/backend/node_modules/@prisma/client/runtime/library.js:121:7315)\n    at $n.handleAndLogRequestError (/home/aditya-gupta/backend work/hotel management system/backend/node_modules/@prisma/client/runtime/library.js:121:6623)\n    at $n.request (/home/aditya-gupta/backend work/hotel management system/backend/node_modules/@prisma/client/runtime/library.js:121:6307)\n    at async l (/home/aditya-gupta/backend work/hotel management system/backend/node_modules/@prisma/client/runtime/library.js:130:9633)\n    at async createTestUser (/home/aditya-gupta/backend work/hotel management system/backend/src/test/helpers.ts:27:16)\n    at async Object.<anonymous> (/home/aditya-gupta/backend work/hotel management system/backend/src/test/rooms.test.ts:32:17)"],"fullName":"Rooms API POST /api/rooms should create a new room (admin only)","invocations":1,"location":null,"numPassingAsserts":0,"retryReasons":[],"status":"failed","title":"should create a new room (admin only)"},{"ancestorTitles":["Rooms API","POST /api/rooms"],"duration":0,"failureDetails":[{"name":"PrismaClientKnownRequestError","code":"P2022","clientVersion":"5.22.0","meta":{"modelName":"User","column":"loginAttempts"}}],"failureMessages":["PrismaClientKnownRequestError: \nInvalid `prisma.user.create()` invocation in\n/home/aditya-gupta/backend work/hotel management system/backend/src/test/helpers.ts:27:34\n\n  24 const password = overrides.password || \"TestPass123\";\n  25 const hashedPassword = await bcrypt.hash(password, 12);\n  26 \n→ 27 const user = await prisma.user.create(\nThe column `loginAttempts` does not exist in the current database.\n    at $n.handleRequestError (/home/aditya-gupta/backend work/hotel management system/backend/node_modules/@prisma/client/runtime/library.js:121:7315)\n    at $n.handleAndLogRequestError (/home/aditya-gupta/backend work/hotel management system/backend/node_modules/@prisma/client/runtime/library.js:121:6623)\n    at $n.request (/home/aditya-gupta/backend work/hotel management system/backend/node_modules/@prisma/client/runtime/library.js:121:6307)\n    at async l (/home/aditya-gupta/backend work/hotel management system/backend/node_modules/@prisma/client/runtime/library.js:130:9633)\n    at async createTestUser (/home/aditya-gupta/backend work/hotel management system/backend/src/test/helpers.ts:27:16)\n    at async Object.<anonymous> (/home/aditya-gupta/backend work/hotel management system/backend/src/test/rooms.test.ts:32:17)"],"fullName":"Rooms API POST /api/rooms should reject creation by non-admin","invocations":1,"location":null,"numPassingAsserts":0,"retryReasons":[],"status":"failed","title":"should reject creation by non-admin"},{"ancestorTitles":["Rooms API","PATCH /api/rooms/:id/status"],"duration":0,"failureDetails":[{"name":"PrismaClientKnownRequestError","code":"P2022","clientVersion":"5.22.0","meta":{"modelName":"User","column":"loginAttempts"}}],"failureMessages":["PrismaClientKnownRequestError: \nInvalid `prisma.user.create()` invocation in\n/home/aditya-gupta/backend work/hotel management system/backend/src/test/helpers.ts:27:34\n\n  24 const password = overrides.password || \"TestPass123\";\n  25 const hashedPassword = await bcrypt.hash(password, 12);\n  26 \n→ 27 const user = await prisma.user.create(\nThe column `loginAttempts` does not exist in the current database.\n    at $n.handleRequestError (/home/aditya-gupta/backend work/hotel management system/backend/node_modules/@prisma/client/runtime/library.js:121:7315)\n    at $n.handleAndLogRequestError (/home/aditya-gupta/backend work/hotel management system/backend/node_modules/@prisma/client/runtime/library.js:121:6623)\n    at $n.request (/home/aditya-gupta/backend work/hotel management system/backend/node_modules/@prisma/client/runtime/library.js:121:6307)\n    at async l (/home/aditya-gupta/backend work/hotel management system/backend/node_modules/@prisma/client/runtime/library.js:130:9633)\n    at async createTestUser (/home/aditya-gupta/backend work/hotel management system/backend/src/test/helpers.ts:27:16)\n    at async Object.<anonymous> (/home/aditya-gupta/backend work/hotel management system/backend/src/test/rooms.test.ts:32:17)"],"fullName":"Rooms API PATCH /api/rooms/:id/status should update room status","invocations":1,"location":null,"numPassingAsserts":0,"retryReasons":[],"status":"failed","title":"should update room status"}],"endTime":1780507809194,"message":"\u001b[1m\u001b[31m  \u001b[1m● \u001b[22m\u001b[1mRooms API › GET /api/rooms › should list all rooms\u001b[39m\u001b[22m\n\n    PrismaClientKnownRequestError: \n    Invalid `prisma.user.create()` invocation in\n    /home/aditya-gupta/backend work/hotel management system/backend/src/test/helpers.ts:27:34\n\n      24 const password = overrides.password || \"TestPass123\";\n      25 const hashedPassword = await bcrypt.hash(password, 12);\n      26 \n    → 27 const user = await prisma.user.create(\n    The column `loginAttempts` does not exist in the current database.\n\u001b[2m\u001b[22m\n\u001b[2m    \u001b[0m \u001b[90m 25 |\u001b[39m   \u001b[36mconst\u001b[39m hashedPassword \u001b[33m=\u001b[39m \u001b[36mawait\u001b[39m bcrypt\u001b[33m.\u001b[39mhash(password\u001b[33m,\u001b[39m \u001b[35m12\u001b[39m)\u001b[33m;\u001b[39m\u001b[22m\n\u001b[2m     \u001b[90m 26 |\u001b[39m\u001b[22m\n\u001b[2m    \u001b[31m\u001b[1m>\u001b[22m\u001b[2m\u001b[39m\u001b[90m 27 |\u001b[39m   \u001b[36mconst\u001b[39m user \u001b[33m=\u001b[39m \u001b[36mawait\u001b[39m prisma\u001b[33m.\u001b[39muser\u001b[33m.\u001b[39mcreate({\u001b[22m\n\u001b[2m     \u001b[90m    |\u001b[39m                \u001b[31m\u001b[1m^\u001b[22m\u001b[2m\u001b[39m\u001b[22m\n\u001b[2m     \u001b[90m 28 |\u001b[39m     data\u001b[33m:\u001b[39m {\u001b[22m\n\u001b[2m     \u001b[90m 29 |\u001b[39m       email\u001b[33m,\u001b[39m\u001b[22m\n\u001b[2m     \u001b[90m 30 |\u001b[39m       password\u001b[33m:\u001b[39m hashedPassword\u001b[33m,\u001b[39m\u001b[0m\u001b[22m\n\u001b[2m\u001b[22m\n\u001b[2m      \u001b[2mat $n.handleRequestError (\u001b[22m\u001b[2mnode_modules/@prisma/client/runtime/library.js\u001b[2m:121:7315)\u001b[22m\u001b[2m\u001b[22m\n\u001b[2m      \u001b[2mat $n.handleAndLogRequestError (\u001b[22m\u001b[2mnode_modules/@prisma/client/runtime/library.js\u001b[2m:121:6623)\u001b[22m\u001b[2m\u001b[22m\n\u001b[2m      \u001b[2mat $n.request (\u001b[22m\u001b[2mnode_modules/@prisma/client/runtime/library.js\u001b[2m:121:6307)\u001b[22m\u001b[2m\u001b[22m\n\u001b[2m      \u001b[2mat async l (\u001b[22m\u001b[2mnode_modules/@prisma/client/runtime/library.js\u001b[2m:130:9633)\u001b[22m\u001b[2m\u001b[22m\n\u001b[2m      \u001b[2mat async createTestUser (\u001b[22m\u001b[2msrc/test/helpers.ts\u001b[2m:27:16)\u001b[22m\u001b[2m\u001b[22m\n\u001b[2m      \u001b[2mat async Object.<anonymous> (\u001b[22m\u001b[2m\u001b[0m\u001b[36msrc/test/rooms.test.ts\u001b[39m\u001b[0m\u001b[2m:32:17)\u001b[22m\u001b[2m\u001b[22m\n\n\u001b[1m\u001b[31m  \u001b[1m● \u001b[22m\u001b[1mRooms API › GET /api/rooms/:id › should get room by id\u001b[39m\u001b[22m\n\n    PrismaClientKnownRequestError: \n    Invalid `prisma.user.create()` invocation in\n    /home/aditya-gupta/backend work/hotel management system/backend/src/test/helpers.ts:27:34\n\n      24 const password = overrides.password || \"TestPass123\";\n      25 const hashedPassword = await bcrypt.hash(password, 12);\n      26 \n    → 27 const user = await prisma.user.create(\n    The column `loginAttempts` does not exist in the current database.\n\u001b[2m\u001b[22m\n\u001b[2m    \u001b[0m \u001b[90m 25 |\u001b[39m   \u001b[36mconst\u001b[39m hashedPassword \u001b[33m=\u001b[39m \u001b[36mawait\u001b[39m bcrypt\u001b[33m.\u001b[39mhash(password\u001b[33m,\u001b[39m \u001b[35m12\u001b[39m)\u001b[33m;\u001b[39m\u001b[22m\n\u001b[2m     \u001b[90m 26 |\u001b[39m\u001b[22m\n\u001b[2m    \u001b[31m\u001b[1m>\u001b[22m\u001b[2m\u001b[39m\u001b[90m 27 |\u001b[39m   \u001b[36mconst\u001b[39m user \u001b[33m=\u001b[39m \u001b[36mawait\u001b[39m prisma\u001b[33m.\u001b[39muser\u001b[33m.\u001b[39mcreate({\u001b[22m\n\u001b[2m     \u001b[90m    |\u001b[39m                \u001b[31m\u001b[1m^\u001b[22m\u001b[2m\u001b[39m\u001b[22m\n\u001b[2m     \u001b[90m 28 |\u001b[39m     data\u001b[33m:\u001b[39m {\u001b[22m\n\u001b[2m     \u001b[90m 29 |\u001b[39m       email\u001b[33m,\u001b[39m\u001b[22m\n\u001b[2m     \u001b[90m 30 |\u001b[39m       password\u001b[33m:\u001b[39m hashedPassword\u001b[33m,\u001b[39m\u001b[0m\u001b[22m\n\u001b[2m\u001b[22m\n\u001b[2m      \u001b[2mat $n.handleRequestError (\u001b[22m\u001b[2mnode_modules/@prisma/client/runtime/library.js\u001b[2m:121:7315)\u001b[22m\u001b[2m\u001b[22m\n\u001b[2m      \u001b[2mat $n.handleAndLogRequestError (\u001b[22m\u001b[2mnode_modules/@prisma/client/runtime/library.js\u001b[2m:121:6623)\u001b[22m\u001b[2m\u001b[22m\n\u001b[2m      \u001b[2mat $n.request (\u001b[22m\u001b[2mnode_modules/@prisma/client/runtime/library.js\u001b[2m:121:6307)\u001b[22m\u001b[2m\u001b[22m\n\u001b[2m      \u001b[2mat async l (\u001b[22m\u001b[2mnode_modules/@prisma/client/runtime/library.js\u001b[2m:130:9633)\u001b[22m\u001b[2m\u001b[22m\n\u001b[2m      \u001b[2mat async createTestUser (\u001b[22m\u001b[2msrc/test/helpers.ts\u001b[2m:27:16)\u001b[22m\u001b[2m\u001b[22m\n\u001b[2m      \u001b[2mat async Object.<anonymous> (\u001b[22m\u001b[2m\u001b[0m\u001b[36msrc/test/rooms.test.ts\u001b[39m\u001b[0m\u001b[2m:32:17)\u001b[22m\u001b[2m\u001b[22m\n\n\u001b[1m\u001b[31m  \u001b[1m● \u001b[22m\u001b[1mRooms API › GET /api/rooms/:id › should return 404 for non-existent room\u001b[39m\u001b[22m\n\n    PrismaClientKnownRequestError: \n    Invalid `prisma.user.create()` invocation in\n    /home/aditya-gupta/backend work/hotel management system/backend/src/test/helpers.ts:27:34\n\n      24 const password = overrides.password || \"TestPass123\";\n      25 const hashedPassword = await bcrypt.hash(password, 12);\n      26 \n    → 27 const user = await prisma.user.create(\n    The column `loginAttempts` does not exist in the current database.\n\u001b[2m\u001b[22m\n\u001b[2m    \u001b[0m \u001b[90m 25 |\u001b[39m   \u001b[36mconst\u001b[39m hashedPassword \u001b[33m=\u001b[39m \u001b[36mawait\u001b[39m bcrypt\u001b[33m.\u001b[39mhash(password\u001b[33m,\u001b[39m \u001b[35m12\u001b[39m)\u001b[33m;\u001b[39m\u001b[22m\n\u001b[2m     \u001b[90m 26 |\u001b[39m\u001b[22m\n\u001b[2m    \u001b[31m\u001b[1m>\u001b[22m\u001b[2m\u001b[39m\u001b[90m 27 |\u001b[39m   \u001b[36mconst\u001b[39m user \u001b[33m=\u001b[39m \u001b[36mawait\u001b[39m prisma\u001b[33m.\u001b[39muser\u001b[33m.\u001b[39mcreate({\u001b[22m\n\u001b[2m     \u001b[90m    |\u001b[39m                \u001b[31m\u001b[1m^\u001b[22m\u001b[2m\u001b[39m\u001b[22m\n\u001b[2m     \u001b[90m 28 |\u001b[39m     data\u001b[33m:\u001b[39m {\u001b[22m\n\u001b[2m     \u001b[90m 29 |\u001b[39m       email\u001b[33m,\u001b[39m\u001b[22m\n\u001b[2m     \u001b[90m 30 |\u001b[39m       password\u001b[33m:\u001b[39m hashedPassword\u001b[33m,\u001b[39m\u001b[0m\u001b[22m\n\u001b[2m\u001b[22m\n\u001b[2m      \u001b[2mat $n.handleRequestError (\u001b[22m\u001b[2mnode_modules/@prisma/client/runtime/library.js\u001b[2m:121:7315)\u001b[22m\u001b[2m\u001b[22m\n\u001b[2m      \u001b[2mat $n.handleAndLogRequestError (\u001b[22m\u001b[2mnode_modules/@prisma/client/runtime/library.js\u001b[2m:121:6623)\u001b[22m\u001b[2m\u001b[22m\n\u001b[2m      \u001b[2mat $n.request (\u001b[22m\u001b[2mnode_modules/@prisma/client/runtime/library.js\u001b[2m:121:6307)\u001b[22m\u001b[2m\u001b[22m\n\u001b[2m      \u001b[2mat async l (\u001b[22m\u001b[2mnode_modules/@prisma/client/runtime/library.js\u001b[2m:130:9633)\u001b[22m\u001b[2m\u001b[22m\n\u001b[2m      \u001b[2mat async createTestUser (\u001b[22m\u001b[2msrc/test/helpers.ts\u001b[2m:27:16)\u001b[22m\u001b[2m\u001b[22m\n\u001b[2m      \u001b[2mat async Object.<anonymous> (\u001b[22m\u001b[2m\u001b[0m\u001b[36msrc/test/rooms.test.ts\u001b[39m\u001b[0m\u001b[2m:32:17)\u001b[22m\u001b[2m\u001b[22m\n\n\u001b[1m\u001b[31m  \u001b[1m● \u001b[22m\u001b[1mRooms API › POST /api/rooms › should create a new room (admin only)\u001b[39m\u001b[22m\n\n    PrismaClientKnownRequestError: \n    Invalid `prisma.user.create()` invocation in\n    /home/aditya-gupta/backend work/hotel management system/backend/src/test/helpers.ts:27:34\n\n      24 const password = overrides.password || \"TestPass123\";\n      25 const hashedPassword = await bcrypt.hash(password, 12);\n      26 \n    → 27 const user = await prisma.user.create(\n    The column `loginAttempts` does not exist in the current database.\n\u001b[2m\u001b[22m\n\u001b[2m    \u001b[0m \u001b[90m 25 |\u001b[39m   \u001b[36mconst\u001b[39m hashedPassword \u001b[33m=\u001b[39m \u001b[36mawait\u001b[39m bcrypt\u001b[33m.\u001b[39mhash(password\u001b[33m,\u001b[39m \u001b[35m12\u001b[39m)\u001b[33m;\u001b[39m\u001b[22m\n\u001b[2m     \u001b[90m 26 |\u001b[39m\u001b[22m\n\u001b[2m    \u001b[31m\u001b[1m>\u001b[22m\u001b[2m\u001b[39m\u001b[90m 27 |\u001b[39m   \u001b[36mconst\u001b[39m user \u001b[33m=\u001b[39m \u001b[36mawait\u001b[39m prisma\u001b[33m.\u001b[39muser\u001b[33m.\u001b[39mcreate({\u001b[22m\n\u001b[2m     \u001b[90m    |\u001b[39m                \u001b[31m\u001b[1m^\u001b[22m\u001b[2m\u001b[39m\u001b[22m\n\u001b[2m     \u001b[90m 28 |\u001b[39m     data\u001b[33m:\u001b[39m {\u001b[22m\n\u001b[2m     \u001b[90m 29 |\u001b[39m       email\u001b[33m,\u001b[39m\u001b[22m\n\u001b[2m     \u001b[90m 30 |\u001b[39m       password\u001b[33m:\u001b[39m hashedPassword\u001b[33m,\u001b[39m\u001b[0m\u001b[22m\n\u001b[2m\u001b[22m\n\u001b[2m      \u001b[2mat $n.handleRequestError (\u001b[22m\u001b[2mnode_modules/@prisma/client/runtime/library.js\u001b[2m:121:7315)\u001b[22m\u001b[2m\u001b[22m\n\u001b[2m      \u001b[2mat $n.handleAndLogRequestError (\u001b[22m\u001b[2mnode_modules/@prisma/client/runtime/library.js\u001b[2m:121:6623)\u001b[22m\u001b[2m\u001b[22m\n\u001b[2m      \u001b[2mat $n.request (\u001b[22m\u001b[2mnode_modules/@prisma/client/runtime/library.js\u001b[2m:121:6307)\u001b[22m\u001b[2m\u001b[22m\n\u001b[2m      \u001b[2mat async l (\u001b[22m\u001b[2mnode_modules/@prisma/client/runtime/library.js\u001b[2m:130:9633)\u001b[22m\u001b[2m\u001b[22m\n\u001b[2m      \u001b[2mat async createTestUser (\u001b[22m\u001b[2msrc/test/helpers.ts\u001b[2m:27:16)\u001b[22m\u001b[2m\u001b[22m\n\u001b[2m      \u001b[2mat async Object.<anonymous> (\u001b[22m\u001b[2m\u001b[0m\u001b[36msrc/test/rooms.test.ts\u001b[39m\u001b[0m\u001b[2m:32:17)\u001b[22m\u001b[2m\u001b[22m\n\n\u001b[1m\u001b[31m  \u001b[1m● \u001b[22m\u001b[1mRooms API › POST /api/rooms › should reject creation by non-admin\u001b[39m\u001b[22m\n\n    PrismaClientKnownRequestError: \n    Invalid `prisma.user.create()` invocation in\n    /home/aditya-gupta/backend work/hotel management system/backend/src/test/helpers.ts:27:34\n\n      24 const password = overrides.password || \"TestPass123\";\n      25 const hashedPassword = await bcrypt.hash(password, 12);\n      26 \n    → 27 const user = await prisma.user.create(\n    The column `loginAttempts` does not exist in the current database.\n\u001b[2m\u001b[22m\n\u001b[2m    \u001b[0m \u001b[90m 25 |\u001b[39m   \u001b[36mconst\u001b[39m hashedPassword \u001b[33m=\u001b[39m \u001b[36mawait\u001b[39m bcrypt\u001b[33m.\u001b[39mhash(password\u001b[33m,\u001b[39m \u001b[35m12\u001b[39m)\u001b[33m;\u001b[39m\u001b[22m\n\u001b[2m     \u001b[90m 26 |\u001b[39m\u001b[22m\n\u001b[2m    \u001b[31m\u001b[1m>\u001b[22m\u001b[2m\u001b[39m\u001b[90m 27 |\u001b[39m   \u001b[36mconst\u001b[39m user \u001b[33m=\u001b[39m \u001b[36mawait\u001b[39m prisma\u001b[33m.\u001b[39muser\u001b[33m.\u001b[39mcreate({\u001b[22m\n\u001b[2m     \u001b[90m    |\u001b[39m                \u001b[31m\u001b[1m^\u001b[22m\u001b[2m\u001b[39m\u001b[22m\n\u001b[2m     \u001b[90m 28 |\u001b[39m     data\u001b[33m:\u001b[39m {\u001b[22m\n\u001b[2m     \u001b[90m 29 |\u001b[39m       email\u001b[33m,\u001b[39m\u001b[22m\n\u001b[2m     \u001b[90m 30 |\u001b[39m       password\u001b[33m:\u001b[39m hashedPassword\u001b[33m,\u001b[39m\u001b[0m\u001b[22m\n\u001b[2m\u001b[22m\n\u001b[2m      \u001b[2mat $n.handleRequestError (\u001b[22m\u001b[2mnode_modules/@prisma/client/runtime/library.js\u001b[2m:121:7315)\u001b[22m\u001b[2m\u001b[22m\n\u001b[2m      \u001b[2mat $n.handleAndLogRequestError (\u001b[22m\u001b[2mnode_modules/@prisma/client/runtime/library.js\u001b[2m:121:6623)\u001b[22m\u001b[2m\u001b[22m\n\u001b[2m      \u001b[2mat $n.request (\u001b[22m\u001b[2mnode_modules/@prisma/client/runtime/library.js\u001b[2m:121:6307)\u001b[22m\u001b[2m\u001b[22m\n\u001b[2m      \u001b[2mat async l (\u001b[22m\u001b[2mnode_modules/@prisma/client/runtime/library.js\u001b[2m:130:9633)\u001b[22m\u001b[2m\u001b[22m\n\u001b[2m      \u001b[2mat async createTestUser (\u001b[22m\u001b[2msrc/test/helpers.ts\u001b[2m:27:16)\u001b[22m\u001b[2m\u001b[22m\n\u001b[2m      \u001b[2mat async Object.<anonymous> (\u001b[22m\u001b[2m\u001b[0m\u001b[36msrc/test/rooms.test.ts\u001b[39m\u001b[0m\u001b[2m:32:17)\u001b[22m\u001b[2m\u001b[22m\n\n\u001b[1m\u001b[31m  \u001b[1m● \u001b[22m\u001b[1mRooms API › PATCH /api/rooms/:id/status › should update room status\u001b[39m\u001b[22m\n\n    PrismaClientKnownRequestError: \n    Invalid `prisma.user.create()` invocation in\n    /home/aditya-gupta/backend work/hotel management system/backend/src/test/helpers.ts:27:34\n\n      24 const password = overrides.password || \"TestPass123\";\n      25 const hashedPassword = await bcrypt.hash(password, 12);\n      26 \n    → 27 const user = await prisma.user.create(\n    The column `loginAttempts` does not exist in the current database.\n\u001b[2m\u001b[22m\n\u001b[2m    \u001b[0m \u001b[90m 25 |\u001b[39m   \u001b[36mconst\u001b[39m hashedPassword \u001b[33m=\u001b[39m \u001b[36mawait\u001b[39m bcrypt\u001b[33m.\u001b[39mhash(password\u001b[33m,\u001b[39m \u001b[35m12\u001b[39m)\u001b[33m;\u001b[39m\u001b[22m\n\u001b[2m     \u001b[90m 26 |\u001b[39m\u001b[22m\n\u001b[2m    \u001b[31m\u001b[1m>\u001b[22m\u001b[2m\u001b[39m\u001b[90m 27 |\u001b[39m   \u001b[36mconst\u001b[39m user \u001b[33m=\u001b[39m \u001b[36mawait\u001b[39m prisma\u001b[33m.\u001b[39muser\u001b[33m.\u001b[39mcreate({\u001b[22m\n\u001b[2m     \u001b[90m    |\u001b[39m                \u001b[31m\u001b[1m^\u001b[22m\u001b[2m\u001b[39m\u001b[22m\n\u001b[2m     \u001b[90m 28 |\u001b[39m     data\u001b[33m:\u001b[39m {\u001b[22m\n\u001b[2m     \u001b[90m 29 |\u001b[39m       email\u001b[33m,\u001b[39m\u001b[22m\n\u001b[2m     \u001b[90m 30 |\u001b[39m       password\u001b[33m:\u001b[39m hashedPassword\u001b[33m,\u001b[39m\u001b[0m\u001b[22m\n\u001b[2m\u001b[22m\n\u001b[2m      \u001b[2mat $n.handleRequestError (\u001b[22m\u001b[2mnode_modules/@prisma/client/runtime/library.js\u001b[2m:121:7315)\u001b[22m\u001b[2m\u001b[22m\n\u001b[2m      \u001b[2mat $n.handleAndLogRequestError (\u001b[22m\u001b[2mnode_modules/@prisma/client/runtime/library.js\u001b[2m:121:6623)\u001b[22m\u001b[2m\u001b[22m\n\u001b[2m      \u001b[2mat $n.request (\u001b[22m\u001b[2mnode_modules/@prisma/client/runtime/library.js\u001b[2m:121:6307)\u001b[22m\u001b[2m\u001b[22m\n\u001b[2m      \u001b[2mat async l (\u001b[22m\u001b[2mnode_modules/@prisma/client/runtime/library.js\u001b[2m:130:9633)\u001b[22m\u001b[2m\u001b[22m\n\u001b[2m      \u001b[2mat async createTestUser (\u001b[22m\u001b[2msrc/test/helpers.ts\u001b[2m:27:16)\u001b[22m\u001b[2m\u001b[22m\n\u001b[2m      \u001b[2mat async Object.<anonymous> (\u001b[22m\u001b[2m\u001b[0m\u001b[36msrc/test/rooms.test.ts\u001b[39m\u001b[0m\u001b[2m
[...]
ect.<anonymous> (/home/aditya-gupta/backend work/hotel management system/backend/src/test/staff.test.ts:32:17)"],"fullName":"Staff API GET /api/staff should list staff (admin)","invocations":1,"location":null,"numPassingAsserts":0,"retryReasons":[],"status":"failed","title":"should list staff (admin)"},{"ancestorTitles":["Staff API","GET /api/staff"],"duration":0,"failureDetails":[{"name":"PrismaClientKnownRequestError","code":"P2022","clientVersion":"5.22.0","meta":{"modelName":"User","column":"loginAttempts"}}],"failureMessages":["PrismaClientKnownRequestError: \nInvalid `prisma.user.create()` invocation in\n/home/aditya-gupta/backend work/hotel management system/backend/src/test/helpers.ts:27:34\n\n  24 const password = overrides.password || \"TestPass123\";\n  25 const hashedPassword = await bcrypt.hash(password, 12);\n  26 \n→ 27 const user = await prisma.user.create(\nThe column `loginAttempts` does not exist in the current database.\n    at $n.handleRequestError (/home/aditya-gupta/backend work/hotel management system/backend/node_modules/@prisma/client/runtime/library.js:121:7315)\n    at $n.handleAndLogRequestError (/home/aditya-gupta/backend work/hotel management system/backend/node_modules/@prisma/client/runtime/library.js:121:6623)\n    at $n.request (/home/aditya-gupta/backend work/hotel management system/backend/node_modules/@prisma/client/runtime/library.js:121:6307)\n    at async l (/home/aditya-gupta/backend work/hotel management system/backend/node_modules/@prisma/client/runtime/library.js:130:9633)\n    at async createTestUser (/home/aditya-gupta/backend work/hotel management system/backend/src/test/helpers.ts:27:16)\n    at async Object.<anonymous> (/home/aditya-gupta/backend work/hotel management system/backend/src/test/staff.test.ts:32:17)"],"fullName":"Staff API GET /api/staff should reject for customer","invocations":1,"location":null,"numPassingAsserts":0,"retryReasons":[],"status":"failed","title":"should reject for customer"},{"ancestorTitles":["Staff API","POST /api/staff"],"duration":0,"failureDetails":[{"name":"PrismaClientKnownRequestError","code":"P2022","clientVersion":"5.22.0","meta":{"modelName":"User","column":"loginAttempts"}}],"failureMessages":["PrismaClientKnownRequestError: \nInvalid `prisma.user.create()` invocation in\n/home/aditya-gupta/backend work/hotel management system/backend/src/test/helpers.ts:27:34\n\n  24 const password = overrides.password || \"TestPass123\";\n  25 const hashedPassword = await bcrypt.hash(password, 12);\n  26 \n→ 27 const user = await prisma.user.create(\nThe column `loginAttempts` does not exist in the current database.\n    at $n.handleRequestError (/home/aditya-gupta/backend work/hotel management system/backend/node_modules/@prisma/client/runtime/library.js:121:7315)\n    at $n.handleAndLogRequestError (/home/aditya-gupta/backend work/hotel management system/backend/node_modules/@prisma/client/runtime/library.js:121:6623)\n    at $n.request (/home/aditya-gupta/backend work/hotel management system/backend/node_modules/@prisma/client/runtime/library.js:121:6307)\n    at async l (/home/aditya-gupta/backend work/hotel management system/backend/node_modules/@prisma/client/runtime/library.js:130:9633)\n    at async createTestUser (/home/aditya-gupta/backend work/hotel management system/backend/src/test/helpers.ts:27:16)\n    at async Object.<anonymous> (/home/aditya-gupta/backend work/hotel management system/backend/src/test/staff.test.ts:32:17)"],"fullName":"Staff API POST /api/staff should create staff (admin)","invocations":1,"location":null,"numPassingAsserts":0,"retryReasons":[],"status":"failed","title":"should create staff (admin)"},{"ancestorTitles":["Staff API","POST /api/staff"],"duration":0,"failureDetails":[{"name":"PrismaClientKnownRequestError","code":"P2022","clientVersion":"5.22.0","meta":{"modelName":"User","column":"loginAttempts"}}],"failureMessages":["PrismaClientKnownRequestError: \nInvalid `prisma.user.create()` invocation in\n/home/aditya-gupta/backend work/hotel management system/backend/src/test/helpers.ts:27:34\n\n  24 const password = overrides.password || \"TestPass123\";\n  25 const hashedPassword = await bcrypt.hash(password, 12);\n  26 \n→ 27 const user = await prisma.user.create(\nThe column `loginAttempts` does not exist in the current database.\n    at $n.handleRequestError (/home/aditya-gupta/backend work/hotel management system/backend/node_modules/@prisma/client/runtime/library.js:121:7315)\n    at $n.handleAndLogRequestError (/home/aditya-gupta/backend work/hotel management system/backend/node_modules/@prisma/client/runtime/library.js:121:6623)\n    at $n.request (/home/aditya-gupta/backend work/hotel management system/backend/node_modules/@prisma/client/runtime/library.js:121:6307)\n    at async l (/home/aditya-gupta/backend work/hotel management system/backend/node_modules/@prisma/client/runtime/library.js:130:9633)\n    at async createTestUser (/home/aditya-gupta/backend work/hotel management system/backend/src/test/helpers.ts:27:16)\n    at async Object.<anonymous> (/home/aditya-gupta/backend work/hotel management system/backend/src/test/staff.test.ts:32:17)"],"fullName":"Staff API POST /api/staff should reject creation by customer","invocations":1,"location":null,"numPassingAsserts":0,"retryReasons":[],"status":"failed","title":"should reject creation by customer"},{"ancestorTitles":["Staff API","POST /api/staff"],"duration":0,"failureDetails":[{"name":"PrismaClientKnownRequestError","code":"P2022","clientVersion":"5.22.0","meta":{"modelName":"User","column":"loginAttempts"}}],"failureMessages":["PrismaClientKnownRequestError: \nInvalid `prisma.user.create()` invocation in\n/home/aditya-gupta/backend work/hotel management system/backend/src/test/helpers.ts:27:34\n\n  24 const password = overrides.password || \"TestPass123\";\n  25 const hashedPassword = await bcrypt.hash(password, 12);\n  26 \n→ 27 const user = await prisma.user.create(\nThe column `loginAttempts` does not exist in the current database.\n    at $n.handleRequestError (/home/aditya-gupta/backend work/hotel management system/backend/node_modules/@prisma/client/runtime/library.js:121:7315)\n    at $n.handleAndLogRequestError (/home/aditya-gupta/backend work/hotel management system/backend/node_modules/@prisma/client/runtime/library.js:121:6623)\n    at $n.request (/home/aditya-gupta/backend work/hotel management system/backend/node_modules/@prisma/client/runtime/library.js:121:6307)\n    at async l (/home/aditya-gupta/backend work/hotel management system/backend/node_modules/@prisma/client/runtime/library.js:130:9633)\n    at async createTestUser (/home/aditya-gupta/backend work/hotel management system/backend/src/test/helpers.ts:27:16)\n    at async Object.<anonymous> (/home/aditya-gupta/backend work/hotel management system/backend/src/test/staff.test.ts:32:17)"],"fullName":"Staff API POST /api/staff should reject duplicate email","invocations":1,"location":null,"numPassingAsserts":0,"retryReasons":[],"status":"failed","title":"should reject duplicate email"}],"endTime":1780507812299,"message":"\u001b[1m\u001b[31m  \u001b[1m● \u001b[22m\u001b[1mStaff API › GET /api/staff › should list staff (admin)\u001b[39m\u001b[22m\n\n    PrismaClientKnownRequestError: \n    Invalid `prisma.user.create()` invocation in\n    /home/aditya-gupta/backend work/hotel management system/backend/src/test/helpers.ts:27:34\n\n      24 const password = overrides.password || \"TestPass123\";\n      25 const hashedPassword = await bcrypt.hash(password, 12);\n      26 \n    → 27 const user = await prisma.user.create(\n    The column `loginAttempts` does not exist in the current database.\n\u001b[2m\u001b[22m\n\u001b[2m    \u001b[0m \u001b[90m 25 |\u001b[39m   \u001b[36mconst\u001b[39m hashedPassword \u001b[33m=\u001b[39m \u001b[36mawait\u001b[39m bcrypt\u001b[33m.\u001b[39mhash(password\u001b[33m,\u001b[39m \u001b[35m12\u001b[39m)\u001b[33m;\u001b[39m\u001b[22m\n\u001b[2m     \u001b[90m 26 |\u001b[39m\u001b[22m\n\u001b[2m    \u001b[31m\u001b[1m>\u001b[22m\u001b[2m\u001b[39m\u001b[90m 27 |\u001b[39m   \u001b[36mconst\u001b[39m user \u001b[33m=\u001b[39m \u001b[36mawait\u001b[39m prisma\u001b[33m.\u001b[39muser\u001b[33m.\u001b[39mcreate({\u001b[22m\n\u001b[2m     \u001b[90m    |\u001b[39m                \u001b[31m\u001b[1m^\u001b[22m\u001b[2m\u001b[39m\u001b[22m\n\u001b[2m     \u001b[90m 28 |\u001b[39m     data\u001b[33m:\u001b[39m {\u001b[22m\n\u001b[2m     \u001b[90m 29 |\u001b[39m       email\u001b[33m,\u001b[39m\u001b[22m\n\u001b[2m     \u001b[90m 30 |\u001b[39m       password\u001b[33m:\u001b[39m hashedPassword\u001b[33m,\u001b[39m\u001b[0m\u001b[22m\n\u001b[2m\u001b[22m\n\u001b[2m      \u001b[2mat $n.handleRequestError (\u001b[22m\u001b[2mnode_modules/@prisma/client/runtime/library.js\u001b[2m:121:7315)\u001b[22m\u001b[2m\u001b[22m\n\u001b[2m      \u001b[2mat $n.handleAndLogRequestError (\u001b[22m\u001b[2mnode_modules/@prisma/client/runtime/library.js\u001b[2m:121:6623)\u001b[22m\u001b[2m\u001b[22m\n\u001b[2m      \u001b[2mat $n.request (\u001b[22m\u001b[2mnode_modules/@prisma/client/runtime/library.js\u001b[2m:121:6307)\u001b[22m\u001b[2m\u001b[22m\n\u001b[2m      \u001b[2mat async l (\u001b[22m\u001b[2mnode_modules/@prisma/client/runtime/library.js\u001b[2m:130:9633)\u001b[22m\u001b[2m\u001b[22m\n\u001b[2m      \u001b[2mat async createTestUser (\u001b[22m\u001b[2msrc/test/helpers.ts\u001b[2m:27:16)\u001b[22m\u001b[2m\u001b[22m\n\u001b[2m      \u001b[2mat async Object.<anonymous> (\u001b[22m\u001b[2m\u001b[0m\u001b[36msrc/test/staff.test.ts\u001b[39m\u001b[0m\u001b[2m:32:17)\u001b[22m\u001b[2m\u001b[22m\n\n\u001b[1m\u001b[31m  \u001b[1m● \u001b[22m\u001b[1mStaff API › GET /api/staff › should reject for customer\u001b[39m\u001b[22m\n\n    PrismaClientKnownRequestError: \n    Invalid `prisma.user.create()` invocation in\n    /home/aditya-gupta/backend work/hotel management system/backend/src/test/helpers.ts:27:34\n\n      24 const password = overrides.password || \"TestPass123\";\n      25 const hashedPassword = await bcrypt.hash(password, 12);\n      26 \n    → 27 const user = await prisma.user.create(\n    The column `loginAttempts` does not exist in the current database.\n\u001b[2m\u001b[22m\n\u001b[2m    \u001b[0m \u001b[90m 25 |\u001b[39m   \u001b[36mconst\u001b[39m hashedPassword \u001b[33m=\u001b[39m \u001b[36mawait\u001b[39m bcrypt\u001b[33m.\u001b[39mhash(password\u001b[33m,\u001b[39m \u001b[35m12\u001b[39m)\u001b[33m;\u001b[39m\u001b[22m\n\u001b[2m     \u001b[90m 26 |\u001b[39m\u001b[22m\n\u001b[2m    \u001b[31m\u001b[1m>\u001b[22m\u001b[2m\u001b[39m\u001b[90m 27 |\u001b[39m   \u001b[36mconst\u001b[39m user \u001b[33m=\u001b[39m \u001b[36mawait\u001b[39m prisma\u001b[33m.\u001b[39muser\u001b[33m.\u001b[39mcreate({\u001b[22m\n\u001b[2m     \u001b[90m    |\u001b[39m                \u001b[31m\u001b[1m^\u001b[22m\u001b[2m\u001b[39m\u001b[22m\n\u001b[2m     \u001b[90m 28 |\u001b[39m     data\u001b[33m:\u001b[39m {\u001b[22m\n\u001b[2m     \u001b[90m 29 |\u001b[39m       email\u001b[33m,\u001b[39m\u001b[22m\n\u001b[2m     \u001b[90m 30 |\u001b[39m       password\u001b[33m:\u001b[39m hashedPassword\u001b[33m,\u001b[39m\u001b[0m\u001b[22m\n\u001b[2m\u001b[22m\n\u001b[2m      \u001b[2mat $n.handleRequestError (\u001b[22m\u001b[2mnode_modules/@prisma/client/runtime/library.js\u001b[2m:121:7315)\u001b[22m\u001b[2m\u001b[22m\n\u001b[2m      \u001b[2mat $n.handleAndLogRequestError (\u001b[22m\u001b[2mnode_modules/@prisma/client/runtime/library.js\u001b[2m:121:6623)\u001b[22m\u001b[2m\u001b[22m\n\u001b[2m      \u001b[2mat $n.request (\u001b[22m\u001b[2mnode_modules/@prisma/client/runtime/library.js\u001b[2m:121:6307)\u001b[22m\u001b[2m\u001b[22m\n\u001b[2m      \u001b[2mat async l (\u001b[22m\u001b[2mnode_modules/@prisma/client/runtime/library.js\u001b[2m:130:9633)\u001b[22m\u001b[2m\u001b[22m\n\u001b[2m      \u001b[2mat async createTestUser (\u001b[22m\u001b[2msrc/test/helpers.ts\u001b[2m:27:16)\u001b[22m\u001b[2m\u001b[22m\n\u001b[2m      \u001b[2mat async Object.<anonymous> (\u001b[22m\u001b[2m\u001b[0m\u001b[36msrc/test/staff.test.ts\u001b[39m\u001b[0m\u001b[2m:32:17)\u001b[22m\u001b[2m\u001b[22m\n\n\u001b[1m\u001b[31m  \u001b[1m● \u001b[22m\u001b[1mStaff API › POST /api/staff › should create staff (admin)\u001b[39m\u001b[22m\n\n    PrismaClientKnownRequestError: \n    Invalid `prisma.user.create()` invocation in\n    /home/aditya-gupta/backend work/hotel management system/backend/src/test/helpers.ts:27:34\n\n      24 const password = overrides.password || \"TestPass123\";\n      25 const hashedPassword = await bcrypt.hash(password, 12);\n      26 \n    → 27 const user = await prisma.user.create(\n    The column `loginAttempts` does not exist in the current database.\n\u001b[2m\u001b[22m\n\u001b[2m    \u001b[0m \u001b[90m 25 |\u001b[39m   \u001b[36mconst\u001b[39m hashedPassword \u001b[33m=\u001b[39m \u001b[36mawait\u001b[39m bcrypt\u001b[33m.\u001b[39mhash(password\u001b[33m,\u001b[39m \u001b[35m12\u001b[39m)\u001b[33m;\u001b[39m\u001b[22m\n\u001b[2m     \u001b[90m 26 |\u001b[39m\u001b[22m\n\u001b[2m    \u001b[31m\u001b[1m>\u001b[22m\u001b[2m\u001b[39m\u001b[90m 27 |\u001b[39m   \u001b[36mconst\u001b[39m user \u001b[33m=\u001b[39m \u001b[36mawait\u001b[39m prisma\u001b[33m.\u001b[39muser\u001b[33m.\u001b[39mcreate({\u001b[22m\n\u001b[2m     \u001b[90m    |\u001b[39m                \u001b[31m\u001b[1m^\u001b[22m\u001b[2m\u001b[39m\u001b[22m\n\u001b[2m     \u001b[90m 28 |\u001b[39m     data\u001b[33m:\u001b[39m {\u001b[22m\n\u001b[2m     \u001b[90m 29 |\u001b[39m       email\u001b[33m,\u001b[39m\u001b[22m\n\u001b[2m     \u001b[90m 30 |\u001b[39m       password\u001b[33m:\u001b[39m hashedPassword\u001b[33m,\u001b[39m\u001b[0m\u001b[22m\n\u001b[2m\u001b[22m\n\u001b[2m      \u001b[2mat $n.handleRequestError (\u001b[22m\u001b[2mnode_modules/@prisma/client/runtime/library.js\u001b[2m:121:7315)\u001b[22m\u001b[2m\u001b[22m\n\u001b[2m      \u001b[2mat $n.handleAndLogRequestError (\u001b[22m\u001b[2mnode_modules/@prisma/client/runtime/library.js\u001b[2m:121:6623)\u001b[22m\u001b[2m\u001b[22m\n\u001b[2m      \u001b[2mat $n.request (\u001b[22m\u001b[2mnode_modules/@prisma/client/runtime/library.js\u001b[2m:121:6307)\u001b[22m\u001b[2m\u001b[22m\n\u001b[2m      \u001b[2mat async l (\u001b[22m\u001b[2mnode_modules/@prisma/client/runtime/library.js\u001b[2m:130:9633)\u001b[22m\u001b[2m\u001b[22m\n\u001b[2m      \u001b[2mat async createTestUser (\u001b[22m\u001b[2msrc/test/helpers.ts\u001b[2m:27:16)\u001b[22m\u001b[2m\u001b[22m\n\u001b[2m      \u001b[2mat async Object.<anonymous> (\u001b[22m\u001b[2m\u001b[0m\u001b[36msrc/test/staff.test.ts\u001b[39m\u001b[0m\u001b[2m:32:17)\u001b[22m\u001b[2m\u001b[22m\n\n\u001b[1m\u001b[31m  \u001b[1m● \u001b[22m\u001b[1mStaff API › POST /api/staff › should reject creation by customer\u001b[39m\u001b[22m\n\n    PrismaClientKnownRequestError: \n    Invalid `prisma.user.create()` invocation in\n    /home/aditya-gupta/backend work/hotel management system/backend/src/test/helpers.ts:27:34\n\n      24 const password = overrides.password || \"TestPass123\";\n      25 const hashedPassword = await bcrypt.hash(password, 12);\n      26 \n    → 27 const user = await prisma.user.create(\n    The column `loginAttempts` does not exist in the current database.\n\u001b[2m\u001b[22m\n\u001b[2m    \u001b[0m \u001b[90m 25 |\u001b[39m   \u001b[36mconst\u001b[39m hashedPassword \u001b[33m=\u001b[39m \u001b[36mawait\u001b[39m bcrypt\u001b[33m.\u001b[39mhash(password\u001b[33m,\u001b[39m \u001b[35m12\u001b[39m)\u001b[33m;\u001b[39m\u001b[22m\n\u001b[2m     \u001b[90m 26 |\u001b[39m\u001b[22m\n\u001b[2m    \u001b[31m\u001b[1m>\u001b[22m\u001b[2m\u001b[39m\u001b[90m 27 |\u001b[39m   \u001b[36mconst\u001b[39m user \u001b[33m=\u001b[39m \u001b[36mawait\u001b[39m prisma\u001b[33m.\u001b[39muser\u001b[33m.\u001b[39mcreate({\u001b[22m\n\u001b[2m     \u001b[90m    |\u001b[39m                \u001b[31m\u001b[1m^\u001b[22m\u001b[2m\u001b[39m\u001b[22m\n\u001b[2m     \u001b[90m 28 |\u001b[39m     data\u001b[33m:\u001b[39m {\u001b[22m\n\u001b[2m     \u001b[90m 29 |\u001b[39m       email\u001b[33m,\u001b[39m\u001b[22m\n\u001b[2m     \u001b[90m 30 |\u001b[39m       password\u001b[33m:\u001b[39m hashedPassword\u001b[33m,\u001b[39m\u001b[0m\u001b[22m\n\u001b[2m\u001b[22m\n\u001b[2m      \u001b[2mat $n.handleRequestError (\u001b[22m\u001b[2mnode_modules/@prisma/client/runtime/library.js\u001b[2m:121:7315)\u001b[22m\u001b[2m\u001b[22m\n\u001b[2m      \u001b[2mat $n.handleAndLogRequestError (\u001b[22m\u001b[2mnode_modules/@prisma/client/runtime/library.js\u001b[2m:121:6623)\u001b[22m\u001b[2m\u001b[22m\n\u001b[2m      \u001b[2mat $n.request (\u001b[22m\u001b[2mnode_modules/@prisma/client/runtime/library.js\u001b[2m:121:6307)\u001b[22m\u001b[2m\u001b[22m\n\u001b[2m      \u001b[2mat async l (\u001b[22m\u001b[2mnode_modules/@prisma/client/runtime/library.js\u001b[2m:130:9633)\u001b[22m\u001b[2m\u001b[22m\n\u001b[2m      \u001b[2mat async createTestUser (\u001b[22m\u001b[2msrc/test/helpers.ts\u001b[2m:27:16)\u001b[22m\u001b[2m\u001b[22m\n\u001b[2m      \u001b[2mat async Object.<anonymous> (\u001b[22m\u001b[2m\u001b[0m\u001b[36msrc/test/staff.test.ts\u001b[39m\u001b[0m\u001b[2m:32:17)\u001b[22m\u001b[2m\u001b[22m\n\n\u001b[1m\u001b[31m  \u001b[1m● \u001b[22m\u001b[1mStaff API › POST /api/staff › should reject duplicate email\u001b[39m\u001b[22m\n\n    PrismaClientKnownRequestError: \n    Invalid `prisma.user.create()` invocation in\n    /home/aditya-gupta/backend work/hotel management system/backend/src/test/helpers.ts:27:34\n\n      24 const password = overrides.password || \"TestPass123\";\n      25 const hashedPassword = await bcrypt.hash(password, 12);\n      26 \n    → 27 const user = await prisma.user.create(\n    The column `loginAttempts` does not exist in the current database.\n\u001b[2m\u001b[22m\n\u001b[2m    \u001b[0m \u001b[90m 25 |\u001b[39m   \u001b[36mconst\u001b[39m hashedPassword \u001b[33m=\u001b[39m \u001b[36mawait\u001b[39m bcrypt\u001b[33m.\u001b[39mhash(password\u001b[33m,\u001b[39m \u001b[35m12\u001b[39m)\u001b[33m;\u001b[39m\u001b[22m\n\u001b[2m     \u001b[90m 26 |\u001b[39m\u001b[22m\n\u001b[2m    \u001b[31m\u001b[1m>\u001b[22m\u001b[2m\u001b[39m\u001b[90m 27 |\u001b[39m   \u001b[36mconst\u001b[39m user \u001b[33m=\u001b[39m \u001b[36mawait\u001b[39m prisma\u001b[33m.\u001b[39muser\u001b[33m.\u001b[39mcreate({\u001b[22m\n\u001b[2m     \u001b[90m    |\u001b[39m                \u001b[31m\u001b[1m^\u001b[22m\u001b[2m\u001b[39m\u001b[22m\n\u001b[2m     \u001b[90m 28 |\u001b[39m     data\u001b[33m:\u001b[39m {\u001b[22m\n\u001b[2m     \u001b[90m 29 |\u001b[39m       email\u001b[33m,\u001b[39m\u001b[22m\n\u001b[2m     \u001b[90m 30 |\u001b[39m       password\u001b[33m:\u001b[39m hashedPassword\u001b[33m,\u001b[39m\u001b[0m\u001b[22m\n\u001b[2m\u001b[22m\n\u001b[2m      \u001b[2mat $n.handleRequestError (\u001b[22m\u001b[2mnode_modules/@prisma/client/runtime/library.js\u001b[2m:121:7315)\u001b[22m\u001b[2m\u001b[22m\n\u001b[2m      \u001b[2mat $n.handleAndLogRequestError (\u001b[22m\u001b[2mnode_modules/@prisma/client/runtime/library.js\u001b[2m:121:6623)\u001b[22m\u001b[2m\u001b[22m\n\u001b[2m      \u001b[2mat $n.request (\u001b[22m\u001b[2mnode_modules/@prisma/client/runtime/library.js\u001b[2m:121:6307)\u001b[22m\u001b[2m\u001b[22m\n\u001b[2m      \u001b[2mat async l (\u001b[22m\u001b[2mnode_modules/@prisma/client/runtime/library.js\u001b[2m:130:9633)\u001b[22m\u001b[2m\u001b[22m\n\u001b[2m      \u001b[2mat async createTestUser (\u001b[22m\u001b[2msrc/test/helpers.ts\u001b[2m:27:16)\u001b[22m\u001b[2m\u001b[22m\n\u001b[2m      \u001b[2mat async Object.<anonymous> (\u001b[22m\u001b[2m\u001b[0m\u001b[36msrc/test/staff.test.ts\u001b[39m\u001b[0m\u001b[2m:32:17)\u001b[22m\u001b[2m\u001b[22m\n","name":"/home/aditya-gupta/backend work/hotel management system/backend/src/test/staff.test.ts","startTime":1780507811655,"status":"failed","summary":""}],"wasInterrupted":false}
